mode: set
github.com/luizg/jackui/internal/ai/benchmark.go:61.78,64.10 3 1
github.com/luizg/jackui/internal/ai/benchmark.go:64.10,66.3 1 1
github.com/luizg/jackui/internal/ai/benchmark.go:67.2,67.14 1 1
github.com/luizg/jackui/internal/ai/benchmark.go:75.48,77.14 2 1
github.com/luizg/jackui/internal/ai/benchmark.go:77.14,79.3 1 1
github.com/luizg/jackui/internal/ai/benchmark.go:80.2,80.14 1 1
github.com/luizg/jackui/internal/ai/benchmark.go:80.14,82.3 1 1
github.com/luizg/jackui/internal/ai/benchmark.go:83.2,84.18 2 1
github.com/luizg/jackui/internal/ai/benchmark.go:84.18,86.3 1 1
github.com/luizg/jackui/internal/ai/benchmark.go:87.2,88.20 2 1
github.com/luizg/jackui/internal/ai/benchmark.go:88.20,89.12 1 1
github.com/luizg/jackui/internal/ai/benchmark.go:89.12,91.4 1 1
github.com/luizg/jackui/internal/ai/benchmark.go:93.2,94.16 2 1
github.com/luizg/jackui/internal/ai/benchmark.go:94.16,96.3 1 0
github.com/luizg/jackui/internal/ai/benchmark.go:97.2,97.40 1 1
github.com/luizg/jackui/internal/ai/benchmark.go:100.38,102.2 1 1
github.com/luizg/jackui/internal/ai/benchmark.go:104.41,106.38 2 1
github.com/luizg/jackui/internal/ai/benchmark.go:106.38,108.3 1 1
github.com/luizg/jackui/internal/ai/benchmark.go:109.2,109.12 1 1
github.com/luizg/jackui/internal/ai/benchmark.go:113.78,115.2 1 1
github.com/luizg/jackui/internal/ai/benchmark.go:121.97,122.21 1 1
github.com/luizg/jackui/internal/ai/benchmark.go:122.21,124.3 1 0
github.com/luizg/jackui/internal/ai/benchmark.go:137.2,138.26 2 1
github.com/luizg/jackui/internal/ai/benchmark.go:138.26,139.69 1 1
github.com/luizg/jackui/internal/ai/benchmark.go:139.69,141.4 1 0
github.com/luizg/jackui/internal/ai/benchmark.go:141.9,141.36 1 1
github.com/luizg/jackui/internal/ai/benchmark.go:141.36,143.4 1 0
github.com/luizg/jackui/internal/ai/benchmark.go:143.9,145.4 1 1
github.com/luizg/jackui/internal/ai/benchmark.go:148.2,150.21 2 1
github.com/luizg/jackui/internal/ai/benchmark.go:150.21,153.28 3 1
github.com/luizg/jackui/internal/ai/benchmark.go:153.28,155.27 2 1
github.com/luizg/jackui/internal/ai/benchmark.go:155.27,158.5 2 1
github.com/luizg/jackui/internal/ai/benchmark.go:160.3,161.38 2 1
github.com/luizg/jackui/internal/ai/benchmark.go:164.2,164.26 1 1
github.com/luizg/jackui/internal/ai/benchmark.go:164.26,166.3 1 0
github.com/luizg/jackui/internal/ai/benchmark.go:168.2,168.26 1 1
github.com/luizg/jackui/internal/ai/benchmark.go:168.26,170.3 1 0
github.com/luizg/jackui/internal/ai/benchmark.go:172.2,172.47 1 1
github.com/luizg/jackui/internal/ai/benchmark.go:172.47,172.99 1 1
github.com/luizg/jackui/internal/ai/benchmark.go:173.2,173.15 1 1
github.com/luizg/jackui/internal/ai/benchmark.go:179.103,181.12 2 1
github.com/luizg/jackui/internal/ai/benchmark.go:181.12,185.3 3 0
github.com/luizg/jackui/internal/ai/benchmark.go:186.2,189.27 4 1
github.com/luizg/jackui/internal/ai/benchmark.go:189.27,191.17 2 1
github.com/luizg/jackui/internal/ai/benchmark.go:191.17,192.46 1 1
github.com/luizg/jackui/internal/ai/benchmark.go:192.46,194.34 2 0
github.com/luizg/jackui/internal/ai/benchmark.go:194.34,196.6 1 0
github.com/luizg/jackui/internal/ai/benchmark.go:197.5,197.10 1 0
github.com/luizg/jackui/internal/ai/benchmark.go:199.4,199.33 1 1
github.com/luizg/jackui/internal/ai/benchmark.go:199.33,201.5 1 1
github.com/luizg/jackui/internal/ai/benchmark.go:202.4,202.12 1 1
github.com/luizg/jackui/internal/ai/benchmark.go:204.3,206.17 3 1
github.com/luizg/jackui/internal/ai/benchmark.go:206.17,208.4 1 1
github.com/luizg/jackui/internal/ai/benchmark.go:210.2,210.23 1 1
github.com/luizg/jackui/internal/ai/benchmark.go:210.23,214.3 3 1
github.com/luizg/jackui/internal/ai/benchmark.go:214.8,214.24 1 1
github.com/luizg/jackui/internal/ai/benchmark.go:214.24,216.3 1 0
github.com/luizg/jackui/internal/ai/benchmark.go:217.2,217.14 1 1
github.com/luizg/jackui/internal/ai/benchmark.go:224.67,227.28 2 0
github.com/luizg/jackui/internal/ai/benchmark.go:227.28,228.29 1 0
github.com/luizg/jackui/internal/ai/benchmark.go:228.29,230.9 2 0
github.com/luizg/jackui/internal/ai/benchmark.go:233.2,233.16 1 0
github.com/luizg/jackui/internal/ai/benchmark.go:233.16,235.3 1 0
github.com/luizg/jackui/internal/ai/benchmark.go:236.2,237.28 2 0
github.com/luizg/jackui/internal/ai/benchmark.go:237.28,239.3 1 0
github.com/luizg/jackui/internal/ai/benchmark.go:241.2,244.16 4 0
github.com/luizg/jackui/internal/ai/benchmark.go:244.16,246.3 1 0
github.com/luizg/jackui/internal/ai/benchmark.go:247.2,248.38 2 0
github.com/luizg/jackui/internal/ai/benchmark.go:248.38,250.3 1 0
github.com/luizg/jackui/internal/ai/benchmark.go:251.2,256.53 2 0
github.com/luizg/jackui/internal/ai/benchmark.go:256.53,258.3 1 0
github.com/luizg/jackui/internal/ai/benchmark.go:259.2,260.32 2 0
github.com/luizg/jackui/internal/ai/benchmark.go:260.32,261.49 1 0
github.com/luizg/jackui/internal/ai/benchmark.go:261.49,262.12 1 0
github.com/luizg/jackui/internal/ai/benchmark.go:264.3,265.113 2 0
github.com/luizg/jackui/internal/ai/benchmark.go:267.2,267.12 1 0
github.com/luizg/jackui/internal/ai/benchmark.go:278.61,280.28 2 0
github.com/luizg/jackui/internal/ai/benchmark.go:280.28,282.3 1 0
github.com/luizg/jackui/internal/ai/benchmark.go:283.2,285.24 3 0
github.com/luizg/jackui/internal/ai/benchmark.go:285.24,287.3 1 0
github.com/luizg/jackui/internal/ai/benchmark.go:288.2,288.35 1 0
github.com/luizg/jackui/internal/ai/benchmark.go:288.35,289.42 1 0
github.com/luizg/jackui/internal/ai/benchmark.go:289.42,290.12 1 0
github.com/luizg/jackui/internal/ai/benchmark.go:292.3,292.76 1 0
github.com/luizg/jackui/internal/ai/benchmark.go:294.2,294.12 1 0
github.com/luizg/jackui/internal/ai/benchmark.go:298.137,301.20 3 0
github.com/luizg/jackui/internal/ai/benchmark.go:301.20,303.3 1 0
github.com/luizg/jackui/internal/ai/benchmark.go:304.2,305.16 2 0
github.com/luizg/jackui/internal/ai/benchmark.go:305.16,307.3 1 0
github.com/luizg/jackui/internal/ai/benchmark.go:308.2,309.38 2 0
github.com/luizg/jackui/internal/ai/benchmark.go:309.38,311.3 1 0
github.com/luizg/jackui/internal/ai/benchmark.go:312.2,321.53 2 0
github.com/luizg/jackui/internal/ai/benchmark.go:321.53,323.3 1 0
github.com/luizg/jackui/internal/ai/benchmark.go:324.2,325.30 2 0
github.com/luizg/jackui/internal/ai/benchmark.go:325.30,326.64 1 0
github.com/luizg/jackui/internal/ai/benchmark.go:326.64,327.12 1 0
github.com/luizg/jackui/internal/ai/benchmark.go:329.3,332.125 3 0
github.com/luizg/jackui/internal/ai/benchmark.go:334.2,334.12 1 0
github.com/luizg/jackui/internal/ai/benchmark.go:340.97,342.26 2 1
github.com/luizg/jackui/internal/ai/benchmark.go:342.26,345.53 3 0
github.com/luizg/jackui/internal/ai/benchmark.go:345.53,346.19 1 0
github.com/luizg/jackui/internal/ai/benchmark.go:346.19,348.5 1 0
github.com/luizg/jackui/internal/ai/benchmark.go:349.4,349.14 1 0
github.com/luizg/jackui/internal/ai/benchmark.go:351.3,357.54 3 0
github.com/luizg/jackui/internal/ai/benchmark.go:357.54,359.4 1 0
github.com/luizg/jackui/internal/ai/benchmark.go:360.3,361.33 2 0
github.com/luizg/jackui/internal/ai/benchmark.go:361.33,362.20 1 0
github.com/luizg/jackui/internal/ai/benchmark.go:362.20,364.5 1 0
github.com/luizg/jackui/internal/ai/benchmark.go:366.3,366.13 1 0
github.com/luizg/jackui/internal/ai/benchmark.go:368.2,369.20 2 1
github.com/luizg/jackui/internal/ai/benchmark.go:369.20,371.3 1 1
github.com/luizg/jackui/internal/ai/benchmark.go:372.2,373.52 2 1
github.com/luizg/jackui/internal/ai/benchmark.go:373.52,374.18 1 0
github.com/luizg/jackui/internal/ai/benchmark.go:374.18,376.4 1 0
github.com/luizg/jackui/internal/ai/benchmark.go:377.3,377.13 1 0
github.com/luizg/jackui/internal/ai/benchmark.go:379.2,385.53 3 1
github.com/luizg/jackui/internal/ai/benchmark.go:385.53,387.3 1 0
github.com/luizg/jackui/internal/ai/benchmark.go:388.2,389.30 2 1
github.com/luizg/jackui/internal/ai/benchmark.go:389.30,390.17 1 1
github.com/luizg/jackui/internal/ai/benchmark.go:390.17,392.4 1 1
github.com/luizg/jackui/internal/ai/benchmark.go:394.2,394.12 1 1
github.com/luizg/jackui/internal/ai/benchmark.go:403.48,404.60 1 1
github.com/luizg/jackui/internal/ai/benchmark.go:404.60,406.3 1 0
github.com/luizg/jackui/internal/ai/benchmark.go:407.2,409.28 3 1
github.com/luizg/jackui/internal/ai/benchmark.go:409.28,411.3 1 0
github.com/luizg/jackui/internal/ai/benchmark.go:412.2,415.19 4 1
github.com/luizg/jackui/internal/ai/benchmark.go:415.19,417.3 1 0
github.com/luizg/jackui/internal/ai/benchmark.go:418.2,419.25 2 1
github.com/luizg/jackui/internal/ai/benchmark.go:419.25,421.3 1 1
github.com/luizg/jackui/internal/ai/benchmark.go:423.2,428.28 6 1
github.com/luizg/jackui/internal/ai/benchmark.go:428.28,429.48 1 1
github.com/luizg/jackui/internal/ai/benchmark.go:429.48,432.12 3 1
github.com/luizg/jackui/internal/ai/benchmark.go:434.3,435.29 2 0
github.com/luizg/jackui/internal/ai/benchmark.go:435.29,437.4 1 0
github.com/luizg/jackui/internal/ai/benchmark.go:439.2,439.14 1 1
github.com/luizg/jackui/internal/ai/benchmark.go:439.14,441.3 1 0
github.com/luizg/jackui/internal/ai/benchmark.go:442.2,442.18 1 1
github.com/luizg/jackui/internal/ai/benchmark.go:442.18,444.31 2 1
github.com/luizg/jackui/internal/ai/benchmark.go:444.31,445.27 1 0
github.com/luizg/jackui/internal/ai/benchmark.go:445.27,446.39 1 0
github.com/luizg/jackui/internal/ai/benchmark.go:446.39,448.11 2 0
github.com/luizg/jackui/internal/ai/benchmark.go:452.3,454.119 3 1
github.com/luizg/jackui/internal/ai/benchmark.go:456.2,456.16 1 1
github.com/luizg/jackui/internal/ai/benchmark.go:464.53,466.27 2 0
github.com/luizg/jackui/internal/ai/benchmark.go:466.27,467.20 1 0
github.com/luizg/jackui/internal/ai/benchmark.go:467.20,469.4 1 0
github.com/luizg/jackui/internal/ai/benchmark.go:471.2,471.47 1 0
github.com/luizg/jackui/internal/ai/benchmark.go:471.47,471.99 1 0
github.com/luizg/jackui/internal/ai/benchmark.go:472.2,473.27 2 0
github.com/luizg/jackui/internal/ai/benchmark.go:473.27,475.3 1 0
github.com/luizg/jackui/internal/ai/benchmark.go:476.2,476.20 1 0
github.com/luizg/jackui/internal/ai/benchmark.go:481.45,483.27 2 1
github.com/luizg/jackui/internal/ai/benchmark.go:483.27,485.3 1 1
github.com/luizg/jackui/internal/ai/benchmark.go:486.2,486.48 1 1
github.com/luizg/jackui/internal/ai/benchmark.go:486.48,489.17 3 1
github.com/luizg/jackui/internal/ai/benchmark.go:489.17,491.4 1 1
github.com/luizg/jackui/internal/ai/benchmark.go:492.3,492.21 1 1
github.com/luizg/jackui/internal/ai/benchmark_store.go:17.62,19.16 2 1
github.com/luizg/jackui/internal/ai/benchmark_store.go:19.16,21.3 1 0
github.com/luizg/jackui/internal/ai/benchmark_store.go:22.2,41.17 2 1
github.com/luizg/jackui/internal/ai/benchmark_store.go:41.17,44.3 2 0
github.com/luizg/jackui/internal/ai/benchmark_store.go:45.2,45.37 1 1
github.com/luizg/jackui/internal/ai/benchmark_store.go:48.40,49.14 1 1
github.com/luizg/jackui/internal/ai/benchmark_store.go:49.14,51.3 1 0
github.com/luizg/jackui/internal/ai/benchmark_store.go:52.2,52.21 1 1
github.com/luizg/jackui/internal/ai/benchmark_store.go:57.64,59.16 2 1
github.com/luizg/jackui/internal/ai/benchmark_store.go:59.16,61.3 1 0
github.com/luizg/jackui/internal/ai/benchmark_store.go:62.2,63.67 2 1
github.com/luizg/jackui/internal/ai/benchmark_store.go:63.67,65.3 1 0
github.com/luizg/jackui/internal/ai/benchmark_store.go:66.2,66.28 1 1
github.com/luizg/jackui/internal/ai/benchmark_store.go:66.28,70.129 1 1
github.com/luizg/jackui/internal/ai/benchmark_store.go:70.129,72.4 1 0
github.com/luizg/jackui/internal/ai/benchmark_store.go:74.2,74.20 1 1
github.com/luizg/jackui/internal/ai/benchmark_store.go:78.48,79.14 1 1
github.com/luizg/jackui/internal/ai/benchmark_store.go:79.14,81.3 1 0
github.com/luizg/jackui/internal/ai/benchmark_store.go:82.2,83.16 2 1
github.com/luizg/jackui/internal/ai/benchmark_store.go:83.16,85.3 1 0
github.com/luizg/jackui/internal/ai/benchmark_store.go:86.2,88.18 3 1
github.com/luizg/jackui/internal/ai/benchmark_store.go:88.18,90.151 2 1
github.com/luizg/jackui/internal/ai/benchmark_store.go:90.151,92.4 1 1
github.com/luizg/jackui/internal/ai/benchmark_store.go:94.2,94.12 1 1
github.com/luizg/jackui/internal/ai/benchmark_store.go:99.43,100.14 1 1
github.com/luizg/jackui/internal/ai/benchmark_store.go:100.14,102.3 1 0
github.com/luizg/jackui/internal/ai/benchmark_store.go:103.2,104.16 2 1
github.com/luizg/jackui/internal/ai/benchmark_store.go:104.16,106.3 1 0
github.com/luizg/jackui/internal/ai/benchmark_store.go:107.2,109.18 3 1
github.com/luizg/jackui/internal/ai/benchmark_store.go:109.18,111.28 2 1
github.com/luizg/jackui/internal/ai/benchmark_store.go:111.28,113.4 1 1
github.com/luizg/jackui/internal/ai/benchmark_store.go:115.2,115.12 1 1
github.com/luizg/jackui/internal/ai/benchmark_store.go:119.50,120.14 1 1
github.com/luizg/jackui/internal/ai/benchmark_store.go:120.14,122.3 1 0
github.com/luizg/jackui/internal/ai/benchmark_store.go:123.2,124.16 2 1
github.com/luizg/jackui/internal/ai/benchmark_store.go:124.16,126.3 1 0
github.com/luizg/jackui/internal/ai/benchmark_store.go:127.2,129.18 3 1
github.com/luizg/jackui/internal/ai/benchmark_store.go:129.18,131.44 2 1
github.com/luizg/jackui/internal/ai/benchmark_store.go:131.44,133.4 1 1
github.com/luizg/jackui/internal/ai/benchmark_store.go:135.2,135.19 1 1
github.com/luizg/jackui/internal/ai/benchmark_store.go:135.19,138.3 2 1
github.com/luizg/jackui/internal/ai/benchmark_store.go:139.2,139.12 1 1
github.com/luizg/jackui/internal/ai/benchmark_store.go:143.64,145.16 2 1
github.com/luizg/jackui/internal/ai/benchmark_store.go:145.16,147.3 1 0
github.com/luizg/jackui/internal/ai/benchmark_store.go:148.2,149.65 2 1
github.com/luizg/jackui/internal/ai/benchmark_store.go:149.65,151.3 1 0
github.com/luizg/jackui/internal/ai/benchmark_store.go:152.2,152.27 1 1
github.com/luizg/jackui/internal/ai/benchmark_store.go:152.27,153.19 1 1
github.com/luizg/jackui/internal/ai/benchmark_store.go:153.19,154.12 1 0
github.com/luizg/jackui/internal/ai/benchmark_store.go:156.3,156.111 1 1
github.com/luizg/jackui/internal/ai/benchmark_store.go:156.111,158.4 1 0
github.com/luizg/jackui/internal/ai/benchmark_store.go:160.2,160.20 1 1
github.com/luizg/jackui/internal/ai/benchmark_store.go:164.55,166.2 1 0
github.com/luizg/jackui/internal/ai/breaker.go:31.28,33.2 1 1
github.com/luizg/jackui/internal/ai/breaker.go:36.45,40.14 4 1
github.com/luizg/jackui/internal/ai/breaker.go:40.14,42.3 1 1
github.com/luizg/jackui/internal/ai/breaker.go:43.2,43.38 1 1
github.com/luizg/jackui/internal/ai/breaker.go:46.44,50.2 3 1
github.com/luizg/jackui/internal/ai/breaker.go:52.62,56.14 4 1
github.com/luizg/jackui/internal/ai/breaker.go:56.14,59.3 2 1
github.com/luizg/jackui/internal/ai/breaker.go:60.2,61.9 2 1
github.com/luizg/jackui/internal/ai/breaker.go:62.19,63.56 1 0
github.com/luizg/jackui/internal/ai/breaker.go:64.45,65.52 1 1
github.com/luizg/jackui/internal/ai/client.go:42.38,43.31 1 1
github.com/luizg/jackui/internal/ai/client.go:43.31,45.3 1 0
github.com/luizg/jackui/internal/ai/client.go:46.2,46.16 1 1
github.com/luizg/jackui/internal/ai/client.go:46.16,48.3 1 1
github.com/luizg/jackui/internal/ai/client.go:49.2,49.16 1 0
github.com/luizg/jackui/internal/ai/client.go:63.36,69.2 5 1
github.com/luizg/jackui/internal/ai/client.go:73.39,74.18 1 1
github.com/luizg/jackui/internal/ai/client.go:74.18,76.3 1 0
github.com/luizg/jackui/internal/ai/client.go:77.2,85.30 2 1
github.com/luizg/jackui/internal/ai/client.go:85.30,86.17 1 1
github.com/luizg/jackui/internal/ai/client.go:86.17,87.12 1 0
github.com/luizg/jackui/internal/ai/client.go:89.3,89.63 1 1
github.com/luizg/jackui/internal/ai/client.go:89.63,91.4 1 1
github.com/luizg/jackui/internal/ai/client.go:93.2,93.23 1 1
github.com/luizg/jackui/internal/ai/client.go:93.23,95.3 1 0
github.com/luizg/jackui/internal/ai/client.go:96.2,96.10 1 1
github.com/luizg/jackui/internal/ai/client.go:101.71,103.28 2 1
github.com/luizg/jackui/internal/ai/client.go:103.28,105.3 1 0
github.com/luizg/jackui/internal/ai/client.go:106.2,106.14 1 1
github.com/luizg/jackui/internal/ai/client.go:106.14,108.3 1 0
github.com/luizg/jackui/internal/ai/client.go:109.2,109.123 1 1
github.com/luizg/jackui/internal/ai/client.go:116.56,118.25 2 0
github.com/luizg/jackui/internal/ai/client.go:118.25,119.63 1 0
github.com/luizg/jackui/internal/ai/client.go:119.63,121.4 1 0
github.com/luizg/jackui/internal/ai/client.go:123.2,123.19 1 0
github.com/luizg/jackui/internal/ai/client.go:123.19,127.3 3 0
github.com/luizg/jackui/internal/ai/client.go:131.33,131.56 1 1
github.com/luizg/jackui/internal/ai/client.go:141.99,143.33 2 1
github.com/luizg/jackui/internal/ai/client.go:143.33,144.33 1 1
github.com/luizg/jackui/internal/ai/client.go:144.33,145.12 1 0
github.com/luizg/jackui/internal/ai/client.go:147.3,148.17 2 1
github.com/luizg/jackui/internal/ai/client.go:148.17,153.40 2 1
github.com/luizg/jackui/internal/ai/client.go:153.40,155.5 1 0
github.com/luizg/jackui/internal/ai/client.go:155.10,157.5 1 1
github.com/luizg/jackui/internal/ai/client.go:158.4,158.12 1 1
github.com/luizg/jackui/internal/ai/client.go:160.3,161.36 2 1
github.com/luizg/jackui/internal/ai/client.go:161.36,163.4 1 1
github.com/luizg/jackui/internal/ai/client.go:165.2,165.25 1 0
github.com/luizg/jackui/internal/ai/client.go:174.73,175.33 1 1
github.com/luizg/jackui/internal/ai/client.go:175.33,176.33 1 1
github.com/luizg/jackui/internal/ai/client.go:176.33,177.12 1 0
github.com/luizg/jackui/internal/ai/client.go:179.3,180.17 2 1
github.com/luizg/jackui/internal/ai/client.go:180.17,181.40 1 0
github.com/luizg/jackui/internal/ai/client.go:181.40,183.5 1 0
github.com/luizg/jackui/internal/ai/client.go:183.10,185.5 1 0
github.com/luizg/jackui/internal/ai/client.go:186.4,186.12 1 0
github.com/luizg/jackui/internal/ai/client.go:188.3,191.46 3 1
github.com/luizg/jackui/internal/ai/client.go:191.46,193.4 1 1
github.com/luizg/jackui/internal/ai/client.go:194.3,195.14 2 1
github.com/luizg/jackui/internal/ai/client.go:195.14,197.4 1 1
github.com/luizg/jackui/internal/ai/client.go:199.2,199.11 1 0
github.com/luizg/jackui/internal/ai/client.go:204.117,205.28 1 0
github.com/luizg/jackui/internal/ai/client.go:205.28,206.21 1 0
github.com/luizg/jackui/internal/ai/client.go:206.21,208.4 1 0
github.com/luizg/jackui/internal/ai/client.go:210.2,210.60 1 0
github.com/luizg/jackui/internal/ai/client.go:213.117,215.16 2 1
github.com/luizg/jackui/internal/ai/client.go:215.16,217.3 1 1
github.com/luizg/jackui/internal/ai/client.go:218.2,219.17 2 1
github.com/luizg/jackui/internal/ai/client.go:219.17,221.3 1 0
github.com/luizg/jackui/internal/ai/client.go:222.2,222.26 1 1
github.com/luizg/jackui/internal/ai/client.go:261.34,261.75 1 1
github.com/luizg/jackui/internal/ai/client.go:267.54,268.76 1 1
github.com/luizg/jackui/internal/ai/client.go:268.76,270.3 1 1
github.com/luizg/jackui/internal/ai/client.go:271.2,278.4 2 1
github.com/luizg/jackui/internal/ai/client.go:278.4,279.29 1 1
github.com/luizg/jackui/internal/ai/client.go:279.29,281.4 1 1
github.com/luizg/jackui/internal/ai/client.go:283.2,283.14 1 1
github.com/luizg/jackui/internal/ai/client.go:291.55,292.35 1 1
github.com/luizg/jackui/internal/ai/client.go:292.35,294.3 1 1
github.com/luizg/jackui/internal/ai/client.go:295.2,300.4 2 1
github.com/luizg/jackui/internal/ai/client.go:300.4,301.29 1 1
github.com/luizg/jackui/internal/ai/client.go:301.29,303.4 1 1
github.com/luizg/jackui/internal/ai/client.go:305.2,305.14 1 1
github.com/luizg/jackui/internal/ai/client.go:308.119,318.14 2 1
github.com/luizg/jackui/internal/ai/client.go:318.14,320.3 1 1
github.com/luizg/jackui/internal/ai/client.go:321.2,323.16 3 1
github.com/luizg/jackui/internal/ai/client.go:323.16,325.3 1 0
github.com/luizg/jackui/internal/ai/client.go:326.2,327.20 2 1
github.com/luizg/jackui/internal/ai/client.go:327.20,329.3 1 1
github.com/luizg/jackui/internal/ai/client.go:331.2,334.16 4 1
github.com/luizg/jackui/internal/ai/client.go:334.16,336.3 1 0
github.com/luizg/jackui/internal/ai/client.go:337.2,340.51 3 1
github.com/luizg/jackui/internal/ai/client.go:340.51,342.3 1 1
github.com/luizg/jackui/internal/ai/client.go:343.2,343.53 1 1
github.com/luizg/jackui/internal/ai/client.go:343.53,344.55 1 1
github.com/luizg/jackui/internal/ai/client.go:344.55,346.4 1 0
github.com/luizg/jackui/internal/ai/client.go:347.3,347.54 1 1
github.com/luizg/jackui/internal/ai/client.go:347.54,349.4 1 0
github.com/luizg/jackui/internal/ai/client.go:350.3,350.114 1 1
github.com/luizg/jackui/internal/ai/client.go:353.2,354.49 2 1
github.com/luizg/jackui/internal/ai/client.go:354.49,356.3 1 0
github.com/luizg/jackui/internal/ai/client.go:357.2,357.47 1 1
github.com/luizg/jackui/internal/ai/client.go:357.47,359.3 1 0
github.com/luizg/jackui/internal/ai/client.go:360.2,360.26 1 1
github.com/luizg/jackui/internal/ai/client.go:360.26,362.3 1 0
github.com/luizg/jackui/internal/ai/client.go:363.2,363.52 1 1
github.com/luizg/jackui/internal/ai/client.go:370.59,373.31 3 1
github.com/luizg/jackui/internal/ai/client.go:373.31,375.76 2 1
github.com/luizg/jackui/internal/ai/client.go:375.76,377.23 2 1
github.com/luizg/jackui/internal/ai/client.go:377.23,378.23 1 1
github.com/luizg/jackui/internal/ai/client.go:378.23,380.6 1 1
github.com/luizg/jackui/internal/ai/client.go:381.5,381.21 1 1
github.com/luizg/jackui/internal/ai/client.go:387.2,387.52 1 0
github.com/luizg/jackui/internal/ai/client.go:387.52,389.60 2 0
github.com/luizg/jackui/internal/ai/client.go:389.60,391.4 1 0
github.com/luizg/jackui/internal/ai/client.go:393.2,393.56 1 0
github.com/luizg/jackui/internal/ai/client.go:416.110,417.14 1 0
github.com/luizg/jackui/internal/ai/client.go:417.14,419.3 1 0
github.com/luizg/jackui/internal/ai/client.go:420.2,421.33 2 0
github.com/luizg/jackui/internal/ai/client.go:421.33,422.33 1 0
github.com/luizg/jackui/internal/ai/client.go:422.33,423.12 1 0
github.com/luizg/jackui/internal/ai/client.go:425.3,426.17 2 0
github.com/luizg/jackui/internal/ai/client.go:426.17,428.40 2 0
github.com/luizg/jackui/internal/ai/client.go:428.40,430.5 1 0
github.com/luizg/jackui/internal/ai/client.go:430.10,432.5 1 0
github.com/luizg/jackui/internal/ai/client.go:433.4,433.12 1 0
github.com/luizg/jackui/internal/ai/client.go:435.3,437.51 3 0
github.com/luizg/jackui/internal/ai/client.go:437.51,439.4 1 0
github.com/luizg/jackui/internal/ai/client.go:441.2,441.25 1 0
github.com/luizg/jackui/internal/ai/client.go:444.63,447.31 3 0
github.com/luizg/jackui/internal/ai/client.go:447.31,449.76 2 0
github.com/luizg/jackui/internal/ai/client.go:449.76,451.23 2 0
github.com/luizg/jackui/internal/ai/client.go:451.23,452.48 1 0
github.com/luizg/jackui/internal/ai/client.go:452.48,454.6 1 0
github.com/luizg/jackui/internal/ai/client.go:455.5,455.21 1 0
github.com/luizg/jackui/internal/ai/client.go:460.2,461.29 2 0
github.com/luizg/jackui/internal/ai/client.go:461.29,467.3 1 0
github.com/luizg/jackui/internal/ai/client.go:468.2,468.66 1 0
