mode: set
github.com/luizg/jackui/internal/ai/benchmark.go:61.78,64.10 3 1
github.com/luizg/jackui/internal/ai/benchmark.go:64.10,66.3 1 1
github.com/luizg/jackui/internal/ai/benchmark.go:67.2,67.14 1 1
github.com/luizg/jackui/internal/ai/benchmark.go:75.48,77.14 2 1
github.com/luizg/jackui/internal/ai/benchmark.go:77.14,79.3 1 1
github.com/luizg/jackui/internal/ai/benchmark.go:80.2,80.14 1 1
github.com/luizg/jackui/internal/ai/benchmark.go:80.14,82.3 1 1
github.com/luizg/jackui/internal/ai/benchmark.go:83.2,84.18 2 1
github.com/luizg/jackui/internal/ai/benchmark.go:84.18,86.3 1 1
github.com/luizg/jackui/internal/ai/benchmark.go:87.2,88.20 2 1
github.com/luizg/jackui/internal/ai/benchmark.go:88.20,89.12 1 1
github.com/luizg/jackui/internal/ai/benchmark.go:89.12,91.4 1 1
github.com/luizg/jackui/internal/ai/benchmark.go:93.2,94.16 2 1
github.com/luizg/jackui/internal/ai/benchmark.go:94.16,96.3 1 0
github.com/luizg/jackui/internal/ai/benchmark.go:97.2,97.40 1 1
github.com/luizg/jackui/internal/ai/benchmark.go:100.38,102.2 1 1
github.com/luizg/jackui/internal/ai/benchmark.go:104.41,106.38 2 1
github.com/luizg/jackui/internal/ai/benchmark.go:106.38,108.3 1 1
github.com/luizg/jackui/internal/ai/benchmark.go:109.2,109.12 1 1
github.com/luizg/jackui/internal/ai/benchmark.go:113.78,115.2 1 1
github.com/luizg/jackui/internal/ai/benchmark.go:121.97,122.21 1 1
github.com/luizg/jackui/internal/ai/benchmark.go:122.21,124.3 1 0
github.com/luizg/jackui/internal/ai/benchmark.go:137.2,138.26 2 1
github.com/luizg/jackui/internal/ai/benchmark.go:138.26,139.69 1 1
github.com/luizg/jackui/internal/ai/benchmark.go:139.69,141.4 1 0
github.com/luizg/jackui/internal/ai/benchmark.go:141.9,141.36 1 1
github.com/luizg/jackui/internal/ai/benchmark.go:141.36,143.4 1 0
github.com/luizg/jackui/internal/ai/benchmark.go:143.9,145.4 1 1
github.com/luizg/jackui/internal/ai/benchmark.go:148.2,150.21 2 1
github.com/luizg/jackui/internal/ai/benchmark.go:150.21,153.28 3 1
github.com/luizg/jackui/internal/ai/benchmark.go:153.28,155.27 2 1
github.com/luizg/jackui/internal/ai/benchmark.go:155.27,158.5 2 1
github.com/luizg/jackui/internal/ai/benchmark.go:160.3,161.38 2 1
github.com/luizg/jackui/internal/ai/benchmark.go:164.2,164.26 1 1
github.com/luizg/jackui/internal/ai/benchmark.go:164.26,166.3 1 0
github.com/luizg/jackui/internal/ai/benchmark.go:168.2,168.26 1 1
github.com/luizg/jackui/internal/ai/benchmark.go:168.26,170.3 1 0
github.com/luizg/jackui/internal/ai/benchmark.go:172.2,172.47 1 1
github.com/luizg/jackui/internal/ai/benchmark.go:172.47,172.99 1 1
github.com/luizg/jackui/internal/ai/benchmark.go:173.2,173.15 1 1
github.com/luizg/jackui/internal/ai/benchmark.go:179.103,181.12 2 1
github.com/luizg/jackui/internal/ai/benchmark.go:181.12,185.3 3 0
github.com/luizg/jackui/internal/ai/benchmark.go:186.2,189.27 4 1
github.com/luizg/jackui/internal/ai/benchmark.go:189.27,191.17 2 1
github.com/luizg/jackui/internal/ai/benchmark.go:191.17,192.46 1 1
github.com/luizg/jackui/internal/ai/benchmark.go:192.46,194.34 2 0
github.com/luizg/jackui/internal/ai/benchmark.go:194.34,196.6 1 0
github.com/luizg/jackui/internal/ai/benchmark.go:197.5,197.10 1 0
github.com/luizg/jackui/internal/ai/benchmark.go:199.4,199.33 1 1
github.com/luizg/jackui/internal/ai/benchmark.go:199.33,201.5 1 1
github.com/luizg/jackui/internal/ai/benchmark.go:202.4,202.12 1 1
github.com/luizg/jackui/internal/ai/benchmark.go:204.3,206.17 3 1
github.com/luizg/jackui/internal/ai/benchmark.go:206.17,208.4 1 1
github.com/luizg/jackui/internal/ai/benchmark.go:210.2,210.23 1 1
github.com/luizg/jackui/internal/ai/benchmark.go:210.23,214.3 3 1
github.com/luizg/jackui/internal/ai/benchmark.go:214.8,214.24 1 1
github.com/luizg/jackui/internal/ai/benchmark.go:214.24,216.3 1 0
github.com/luizg/jackui/internal/ai/benchmark.go:217.2,217.14 1 1
github.com/luizg/jackui/internal/ai/benchmark.go:224.67,227.28 2 0
github.com/luizg/jackui/internal/ai/benchmark.go:227.28,228.29 1 0
github.com/luizg/jackui/internal/ai/benchmark.go:228.29,230.9 2 0
github.com/luizg/jackui/internal/ai/benchmark.go:233.2,233.16 1 0
github.com/luizg/jackui/internal/ai/benchmark.go:233.16,235.3 1 0
github.com/luizg/jackui/internal/ai/benchmark.go:236.2,237.28 2 0
github.com/luizg/jackui/internal/ai/benchmark.go:237.28,239.3 1 0
github.com/luizg/jackui/internal/ai/benchmark.go:241.2,244.16 4 0
github.com/luizg/jackui/internal/ai/benchmark.go:244.16,246.3 1 0
github.com/luizg/jackui/internal/ai/benchmark.go:247.2,248.38 2 0
github.com/luizg/jackui/internal/ai/benchmark.go:248.38,250.3 1 0
github.com/luizg/jackui/internal/ai/benchmark.go:251.2,256.53 2 0
github.com/luizg/jackui/internal/ai/benchmark.go:256.53,258.3 1 0
github.com/luizg/jackui/internal/ai/benchmark.go:259.2,260.32 2 0
github.com/luizg/jackui/internal/ai/benchmark.go:260.32,261.49 1 0
github.com/luizg/jackui/internal/ai/benchmark.go:261.49,262.12 1 0
github.com/luizg/jackui/internal/ai/benchmark.go:264.3,265.113 2 0
github.com/luizg/jackui/internal/ai/benchmark.go:267.2,267.12 1 0
github.com/luizg/jackui/internal/ai/benchmark.go:278.61,280.28 2 0
github.com/luizg/jackui/internal/ai/benchmark.go:280.28,282.3 1 0
github.com/luizg/jackui/internal/ai/benchmark.go:283.2,285.24 3 0
github.com/luizg/jackui/internal/ai/benchmark.go:285.24,287.3 1 0
github.com/luizg/jackui/internal/ai/benchmark.go:288.2,288.35 1 0
github.com/luizg/jackui/internal/ai/benchmark.go:288.35,289.42 1 0
github.com/luizg/jackui/internal/ai/benchmark.go:289.42,290.12 1 0
github.com/luizg/jackui/internal/ai/benchmark.go:292.3,292.76 1 0
github.com/luizg/jackui/internal/ai/benchmark.go:294.2,294.12 1 0
github.com/luizg/jackui/internal/ai/benchmark.go:298.137,301.20 3 0
github.com/luizg/jackui/internal/ai/benchmark.go:301.20,303.3 1 0
github.com/luizg/jackui/internal/ai/benchmark.go:304.2,305.16 2 0
github.com/luizg/jackui/internal/ai/benchmark.go:305.16,307.3 1 0
github.com/luizg/jackui/internal/ai/benchmark.go:308.2,309.38 2 0
github.com/luizg/jackui/internal/ai/benchmark.go:309.38,311.3 1 0
github.com/luizg/jackui/internal/ai/benchmark.go:312.2,321.53 2 0
github.com/luizg/jackui/internal/ai/benchmark.go:321.53,323.3 1 0
github.com/luizg/jackui/internal/ai/benchmark.go:324.2,325.30 2 0
github.com/luizg/jackui/internal/ai/benchmark.go:325.30,326.64 1 0
github.com/luizg/jackui/internal/ai/benchmark.go:326.64,327.12 1 0
github.com/luizg/jackui/internal/ai/benchmark.go:329.3,332.125 3 0
github.com/luizg/jackui/internal/ai/benchmark.go:334.2,334.12 1 0
github.com/luizg/jackui/internal/ai/benchmark.go:340.97,342.26 2 1
github.com/luizg/jackui/internal/ai/benchmark.go:342.26,345.53 3 0
github.com/luizg/jackui/internal/ai/benchmark.go:345.53,346.19 1 0
github.com/luizg/jackui/internal/ai/benchmark.go:346.19,348.5 1 0
github.com/luizg/jackui/internal/ai/benchmark.go:349.4,349.14 1 0
github.com/luizg/jackui/internal/ai/benchmark.go:351.3,357.54 3 0
github.com/luizg/jackui/internal/ai/benchmark.go:357.54,359.4 1 0
github.com/luizg/jackui/internal/ai/benchmark.go:360.3,361.33 2 0
github.com/luizg/jackui/internal/ai/benchmark.go:361.33,362.20 1 0
github.com/luizg/jackui/internal/ai/benchmark.go:362.20,364.5 1 0
github.com/luizg/jackui/internal/ai/benchmark.go:366.3,366.13 1 0
github.com/luizg/jackui/internal/ai/benchmark.go:368.2,369.20 2 1
github.com/luizg/jackui/internal/ai/benchmark.go:369.20,371.3 1 1
github.com/luizg/jackui/internal/ai/benchmark.go:372.2,373.52 2 1
github.com/luizg/jackui/internal/ai/benchmark.go:373.52,374.18 1 0
github.com/luizg/jackui/internal/ai/benchmark.go:374.18,376.4 1 0
github.com/luizg/jackui/internal/ai/benchmark.go:377.3,377.13 1 0
github.com/luizg/jackui/internal/ai/benchmark.go:379.2,385.53 3 1
github.com/luizg/jackui/internal/ai/benchmark.go:385.53,387.3 1 0
github.com/luizg/jackui/internal/ai/benchmark.go:388.2,389.30 2 1
github.com/luizg/jackui/internal/ai/benchmark.go:389.30,390.17 1 1
github.com/luizg/jackui/internal/ai/benchmark.go:390.17,392.4 1 1
github.com/luizg/jackui/internal/ai/benchmark.go:394.2,394.12 1 1
github.com/luizg/jackui/internal/ai/benchmark.go:403.48,404.60 1 1
github.com/luizg/jackui/internal/ai/benchmark.go:404.60,406.3 1 0
github.com/luizg/jackui/internal/ai/benchmark.go:407.2,409.28 3 1
github.com/luizg/jackui/internal/ai/benchmark.go:409.28,411.3 1 0
github.com/luizg/jackui/internal/ai/benchmark.go:412.2,415.19 4 1
github.com/luizg/jackui/internal/ai/benchmark.go:415.19,417.3 1 0
github.com/luizg/jackui/internal/ai/benchmark.go:418.2,419.25 2 1
github.com/luizg/jackui/internal/ai/benchmark.go:419.25,421.3 1 1
github.com/luizg/jackui/internal/ai/benchmark.go:423.2,428.28 6 1
github.com/luizg/jackui/internal/ai/benchmark.go:428.28,429.48 1 1
github.com/luizg/jackui/internal/ai/benchmark.go:429.48,432.12 3 1
github.com/luizg/jackui/internal/ai/benchmark.go:434.3,435.29 2 0
github.com/luizg/jackui/internal/ai/benchmark.go:435.29,437.4 1 0
github.com/luizg/jackui/internal/ai/benchmark.go:439.2,439.14 1 1
github.com/luizg/jackui/internal/ai/benchmark.go:439.14,441.3 1 0
github.com/luizg/jackui/internal/ai/benchmark.go:442.2,442.18 1 1
github.com/luizg/jackui/internal/ai/benchmark.go:442.18,444.31 2 1
github.com/luizg/jackui/internal/ai/benchmark.go:444.31,445.27 1 0
github.com/luizg/jackui/internal/ai/benchmark.go:445.27,446.39 1 0
github.com/luizg/jackui/internal/ai/benchmark.go:446.39,448.11 2 0
github.com/luizg/jackui/internal/ai/benchmark.go:452.3,454.119 3 1
github.com/luizg/jackui/internal/ai/benchmark.go:456.2,456.16 1 1
github.com/luizg/jackui/internal/ai/benchmark.go:464.53,466.27 2 0
github.com/luizg/jackui/internal/ai/benchmark.go:466.27,467.20 1 0
github.com/luizg/jackui/internal/ai/benchmark.go:467.20,469.4 1 0
github.com/luizg/jackui/internal/ai/benchmark.go:471.2,471.47 1 0
github.com/luizg/jackui/internal/ai/benchmark.go:471.47,471.99 1 0
github.com/luizg/jackui/internal/ai/benchmark.go:472.2,473.27 2 0
github.com/luizg/jackui/internal/ai/benchmark.go:473.27,475.3 1 0
github.com/luizg/jackui/internal/ai/benchmark.go:476.2,476.20 1 0
github.com/luizg/jackui/internal/ai/benchmark.go:481.45,483.27 2 1
github.com/luizg/jackui/internal/ai/benchmark.go:483.27,485.3 1 1
github.com/luizg/jackui/internal/ai/benchmark.go:486.2,486.48 1 1
github.com/luizg/jackui/internal/ai/benchmark.go:486.48,489.17 3 1
github.com/luizg/jackui/internal/ai/benchmark.go:489.17,491.4 1 1
github.com/luizg/jackui/internal/ai/benchmark.go:492.3,492.21 1 1
github.com/luizg/jackui/internal/ai/benchmark_store.go:17.62,19.16 2 1
github.com/luizg/jackui/internal/ai/benchmark_store.go:19.16,21.3 1 0
github.com/luizg/jackui/internal/ai/benchmark_store.go:22.2,41.17 2 1
github.com/luizg/jackui/internal/ai/benchmark_store.go:41.17,44.3 2 0
github.com/luizg/jackui/internal/ai/benchmark_store.go:45.2,45.37 1 1
github.com/luizg/jackui/internal/ai/benchmark_store.go:48.40,49.14 1 1
github.com/luizg/jackui/internal/ai/benchmark_store.go:49.14,51.3 1 0
github.com/luizg/jackui/internal/ai/benchmark_store.go:52.2,52.21 1 1
github.com/luizg/jackui/internal/ai/benchmark_store.go:57.64,59.16 2 1
github.com/luizg/jackui/internal/ai/benchmark_store.go:59.16,61.3 1 0
github.com/luizg/jackui/internal/ai/benchmark_store.go:62.2,63.67 2 1
github.com/luizg/jackui/internal/ai/benchmark_store.go:63.67,65.3 1 0
github.com/luizg/jackui/internal/ai/benchmark_store.go:66.2,66.28 1 1
github.com/luizg/jackui/internal/ai/benchmark_store.go:66.28,70.129 1 1
github.com/luizg/jackui/internal/ai/benchmark_store.go:70.129,72.4 1 0
github.com/luizg/jackui/internal/ai/benchmark_store.go:74.2,74.20 1 1
github.com/luizg/jackui/internal/ai/benchmark_store.go:78.48,79.14 1 1
github.com/luizg/jackui/internal/ai/benchmark_store.go:79.14,81.3 1 0
github.com/luizg/jackui/internal/ai/benchmark_store.go:82.2,83.16 2 1
github.com/luizg/jackui/internal/ai/benchmark_store.go:83.16,85.3 1 0
github.com/luizg/jackui/internal/ai/benchmark_store.go:86.2,88.18 3 1
github.com/luizg/jackui/internal/ai/benchmark_store.go:88.18,90.151 2 1
github.com/luizg/jackui/internal/ai/benchmark_store.go:90.151,92.4 1 1
github.com/luizg/jackui/internal/ai/benchmark_store.go:94.2,94.12 1 1
github.com/luizg/jackui/internal/ai/benchmark_store.go:99.43,100.14 1 1
github.com/luizg/jackui/internal/ai/benchmark_store.go:100.14,102.3 1 0
github.com/luizg/jackui/internal/ai/benchmark_store.go:103.2,104.16 2 1
github.com/luizg/jackui/internal/ai/benchmark_store.go:104.16,106.3 1 0
github.com/luizg/jackui/internal/ai/benchmark_store.go:107.2,109.18 3 1
github.com/luizg/jackui/internal/ai/benchmark_store.go:109.18,111.28 2 1
github.com/luizg/jackui/internal/ai/benchmark_store.go:111.28,113.4 1 1
github.com/luizg/jackui/internal/ai/benchmark_store.go:115.2,115.12 1 1
github.com/luizg/jackui/internal/ai/benchmark_store.go:119.50,120.14 1 1
github.com/luizg/jackui/internal/ai/benchmark_store.go:120.14,122.3 1 0
github.com/luizg/jackui/internal/ai/benchmark_store.go:123.2,124.16 2 1
github.com/luizg/jackui/internal/ai/benchmark_store.go:124.16,126.3 1 0
github.com/luizg/jackui/internal/ai/benchmark_store.go:127.2,129.18 3 1
github.com/luizg/jackui/internal/ai/benchmark_store.go:129.18,131.44 2 1
github.com/luizg/jackui/internal/ai/benchmark_store.go:131.44,133.4 1 1
github.com/luizg/jackui/internal/ai/benchmark_store.go:135.2,135.19 1 1
github.com/luizg/jackui/internal/ai/benchmark_store.go:135.19,138.3 2 1
github.com/luizg/jackui/internal/ai/benchmark_store.go:139.2,139.12 1 1
github.com/luizg/jackui/internal/ai/benchmark_store.go:143.64,145.16 2 1
github.com/luizg/jackui/internal/ai/benchmark_store.go:145.16,147.3 1 0
github.com/luizg/jackui/internal/ai/benchmark_store.go:148.2,149.65 2 1
github.com/luizg/jackui/internal/ai/benchmark_store.go:149.65,151.3 1 0
github.com/luizg/jackui/internal/ai/benchmark_store.go:152.2,152.27 1 1
github.com/luizg/jackui/internal/ai/benchmark_store.go:152.27,153.19 1 1
github.com/luizg/jackui/internal/ai/benchmark_store.go:153.19,154.12 1 0
github.com/luizg/jackui/internal/ai/benchmark_store.go:156.3,156.111 1 1
github.com/luizg/jackui/internal/ai/benchmark_store.go:156.111,158.4 1 0
github.com/luizg/jackui/internal/ai/benchmark_store.go:160.2,160.20 1 1
github.com/luizg/jackui/internal/ai/benchmark_store.go:164.55,166.2 1 0
github.com/luizg/jackui/internal/ai/breaker.go:31.28,33.2 1 1
github.com/luizg/jackui/internal/ai/breaker.go:36.45,40.14 4 1
github.com/luizg/jackui/internal/ai/breaker.go:40.14,42.3 1 1
github.com/luizg/jackui/internal/ai/breaker.go:43.2,43.38 1 1
github.com/luizg/jackui/internal/ai/breaker.go:46.44,50.2 3 1
github.com/luizg/jackui/internal/ai/breaker.go:52.62,56.14 4 1
github.com/luizg/jackui/internal/ai/breaker.go:56.14,59.3 2 1
github.com/luizg/jackui/internal/ai/breaker.go:60.2,61.9 2 1
github.com/luizg/jackui/internal/ai/breaker.go:62.19,63.56 1 0
github.com/luizg/jackui/internal/ai/breaker.go:64.45,65.52 1 1
github.com/luizg/jackui/internal/ai/client.go:42.38,43.31 1 1
github.com/luizg/jackui/internal/ai/client.go:43.31,45.3 1 0
github.com/luizg/jackui/internal/ai/client.go:46.2,46.16 1 1
github.com/luizg/jackui/internal/ai/client.go:46.16,48.3 1 1
github.com/luizg/jackui/internal/ai/client.go:49.2,49.16 1 0
github.com/luizg/jackui/internal/ai/client.go:63.36,69.2 5 1
github.com/luizg/jackui/internal/ai/client.go:73.39,74.18 1 1
github.com/luizg/jackui/internal/ai/client.go:74.18,76.3 1 0
github.com/luizg/jackui/internal/ai/client.go:77.2,85.30 2 1
github.com/luizg/jackui/internal/ai/client.go:85.30,86.17 1 1
github.com/luizg/jackui/internal/ai/client.go:86.17,87.12 1 0
github.com/luizg/jackui/internal/ai/client.go:89.3,89.63 1 1
github.com/luizg/jackui/internal/ai/client.go:89.63,91.4 1 1
github.com/luizg/jackui/internal/ai/client.go:93.2,93.23 1 1
github.com/luizg/jackui/internal/ai/client.go:93.23,95.3 1 0
github.com/luizg/jackui/internal/ai/client.go:96.2,96.10 1 1
github.com/luizg/jackui/internal/ai/client.go:101.71,103.28 2 1
github.com/luizg/jackui/internal/ai/client.go:103.28,105.3 1 0
github.com/luizg/jackui/internal/ai/client.go:106.2,106.14 1 1
github.com/luizg/jackui/internal/ai/client.go:106.14,108.3 1 0
github.com/luizg/jackui/internal/ai/client.go:109.2,109.123 1 1
github.com/luizg/jackui/internal/ai/client.go:116.56,118.25 2 0
github.com/luizg/jackui/internal/ai/client.go:118.25,119.63 1 0
github.com/luizg/jackui/internal/ai/client.go:119.63,121.4 1 0
github.com/luizg/jackui/internal/ai/client.go:123.2,123.19 1 0
github.com/luizg/jackui/internal/ai/client.go:123.19,127.3 3 0
github.com/luizg/jackui/internal/ai/client.go:131.33,131.56 1 1
github.com/luizg/jackui/internal/ai/client.go:141.99,143.33 2 1
github.com/luizg/jackui/internal/ai/client.go:143.33,144.33 1 1
github.com/luizg/jackui/internal/ai/client.go:144.33,145.12 1 0
github.com/luizg/jackui/internal/ai/client.go:147.3,148.17 2 1
github.com/luizg/jackui/internal/ai/client.go:148.17,153.40 2 1
github.com/luizg/jackui/internal/ai/client.go:153.40,155.5 1 0
github.com/luizg/jackui/internal/ai/client.go:155.10,157.5 1 1
github.com/luizg/jackui/internal/ai/client.go:158.4,158.12 1 1
github.com/luizg/jackui/internal/ai/client.go:160.3,161.36 2 1
github.com/luizg/jackui/internal/ai/client.go:161.36,163.4 1 1
github.com/luizg/jackui/internal/ai/client.go:165.2,165.25 1 0
github.com/luizg/jackui/internal/ai/client.go:174.73,175.33 1 1
github.com/luizg/jackui/internal/ai/client.go:175.33,176.33 1 1
github.com/luizg/jackui/internal/ai/client.go:176.33,177.12 1 0
github.com/luizg/jackui/internal/ai/client.go:179.3,180.17 2 1
github.com/luizg/jackui/internal/ai/client.go:180.17,181.40 1 0
github.com/luizg/jackui/internal/ai/client.go:181.40,183.5 1 0
github.com/luizg/jackui/internal/ai/client.go:183.10,185.5 1 0
github.com/luizg/jackui/internal/ai/client.go:186.4,186.12 1 0
github.com/luizg/jackui/internal/ai/client.go:188.3,191.46 3 1
github.com/luizg/jackui/internal/ai/client.go:191.46,193.4 1 1
github.com/luizg/jackui/internal/ai/client.go:194.3,195.14 2 1
github.com/luizg/jackui/internal/ai/client.go:195.14,197.4 1 1
github.com/luizg/jackui/internal/ai/client.go:199.2,199.11 1 0
github.com/luizg/jackui/internal/ai/client.go:204.117,205.28 1 0
github.com/luizg/jackui/internal/ai/client.go:205.28,206.21 1 0
github.com/luizg/jackui/internal/ai/client.go:206.21,208.4 1 0
github.com/luizg/jackui/internal/ai/client.go:210.2,210.60 1 0
github.com/luizg/jackui/internal/ai/client.go:213.117,215.16 2 1
github.com/luizg/jackui/internal/ai/client.go:215.16,217.3 1 1
github.com/luizg/jackui/internal/ai/client.go:218.2,219.17 2 1
github.com/luizg/jackui/internal/ai/client.go:219.17,221.3 1 0
github.com/luizg/jackui/internal/ai/client.go:222.2,222.26 1 1
github.com/luizg/jackui/internal/ai/client.go:261.34,261.75 1 1
github.com/luizg/jackui/internal/ai/client.go:267.54,268.76 1 1
github.com/luizg/jackui/internal/ai/client.go:268.76,270.3 1 1
github.com/luizg/jackui/internal/ai/client.go:271.2,278.4 2 1
github.com/luizg/jackui/internal/ai/client.go:278.4,279.29 1 1
github.com/luizg/jackui/internal/ai/client.go:279.29,281.4 1 1
github.com/luizg/jackui/internal/ai/client.go:283.2,283.14 1 1
github.com/luizg/jackui/internal/ai/client.go:291.55,292.35 1 1
github.com/luizg/jackui/internal/ai/client.go:292.35,294.3 1 1
github.com/luizg/jackui/internal/ai/client.go:295.2,300.4 2 1
github.com/luizg/jackui/internal/ai/client.go:300.4,301.29 1 1
github.com/luizg/jackui/internal/ai/client.go:301.29,303.4 1 1
github.com/luizg/jackui/internal/ai/client.go:305.2,305.14 1 1
github.com/luizg/jackui/internal/ai/client.go:308.119,318.14 2 1
github.com/luizg/jackui/internal/ai/client.go:318.14,320.3 1 1
github.com/luizg/jackui/internal/ai/client.go:321.2,323.16 3 1
github.com/luizg/jackui/internal/ai/client.go:323.16,325.3 1 0
github.com/luizg/jackui/internal/ai/client.go:326.2,327.20 2 1
github.com/luizg/jackui/internal/ai/client.go:327.20,329.3 1 1
github.com/luizg/jackui/internal/ai/client.go:331.2,334.16 4 1
github.com/luizg/jackui/internal/ai/client.go:334.16,336.3 1 0
github.com/luizg/jackui/internal/ai/client.go:337.2,340.51 3 1
github.com/luizg/jackui/internal/ai/client.go:340.51,342.3 1 1
github.com/luizg/jackui/internal/ai/client.go:343.2,343.53 1 1
github.com/luizg/jackui/internal/ai/client.go:343.53,344.55 1 1
github.com/luizg/jackui/internal/ai/client.go:344.55,346.4 1 0
github.com/luizg/jackui/internal/ai/client.go:347.3,347.54 1 1
github.com/luizg/jackui/internal/ai/client.go:347.54,349.4 1 0
github.com/luizg/jackui/internal/ai/client.go:350.3,350.114 1 1
github.com/luizg/jackui/internal/ai/client.go:353.2,354.49 2 1
github.com/luizg/jackui/internal/ai/client.go:354.49,356.3 1 0
github.com/luizg/jackui/internal/ai/client.go:357.2,357.47 1 1
github.com/luizg/jackui/internal/ai/client.go:357.47,359.3 1 0
github.com/luizg/jackui/internal/ai/client.go:360.2,360.26 1 1
github.com/luizg/jackui/internal/ai/client.go:360.26,362.3 1 0
github.com/luizg/jackui/internal/ai/client.go:363.2,363.52 1 1
github.com/luizg/jackui/internal/ai/client.go:370.59,373.31 3 1
github.com/luizg/jackui/internal/ai/client.go:373.31,375.76 2 1
github.com/luizg/jackui/internal/ai/client.go:375.76,377.23 2 1
github.com/luizg/jackui/internal/ai/client.go:377.23,378.23 1 1
github.com/luizg/jackui/internal/ai/client.go:378.23,380.6 1 1
github.com/luizg/jackui/internal/ai/client.go:381.5,381.21 1 1
github.com/luizg/jackui/internal/ai/client.go:387.2,387.52 1 0
github.com/luizg/jackui/internal/ai/client.go:387.52,389.60 2 0
github.com/luizg/jackui/internal/ai/client.go:389.60,391.4 1 0
github.com/luizg/jackui/internal/ai/client.go:393.2,393.56 1 0
github.com/luizg/jackui/internal/ai/client.go:416.110,417.14 1 0
github.com/luizg/jackui/internal/ai/client.go:417.14,419.3 1 0
github.com/luizg/jackui/internal/ai/client.go:420.2,421.33 2 0
github.com/luizg/jackui/internal/ai/client.go:421.33,422.33 1 0
github.com/luizg/jackui/internal/ai/client.go:422.33,423.12 1 0
github.com/luizg/jackui/internal/ai/client.go:425.3,426.17 2 0
github.com/luizg/jackui/internal/ai/client.go:426.17,428.40 2 0
github.com/luizg/jackui/internal/ai/client.go:428.40,430.5 1 0
github.com/luizg/jackui/internal/ai/client.go:430.10,432.5 1 0
github.com/luizg/jackui/internal/ai/client.go:433.4,433.12 1 0
github.com/luizg/jackui/internal/ai/client.go:435.3,437.51 3 0
github.com/luizg/jackui/internal/ai/client.go:437.51,439.4 1 0
github.com/luizg/jackui/internal/ai/client.go:441.2,441.25 1 0
github.com/luizg/jackui/internal/ai/client.go:444.63,447.31 3 0
github.com/luizg/jackui/internal/ai/client.go:447.31,449.76 2 0
github.com/luizg/jackui/internal/ai/client.go:449.76,451.23 2 0
github.com/luizg/jackui/internal/ai/client.go:451.23,452.48 1 0
github.com/luizg/jackui/internal/ai/client.go:452.48,454.6 1 0
github.com/luizg/jackui/internal/ai/client.go:455.5,455.21 1 0
github.com/luizg/jackui/internal/ai/client.go:460.2,461.29 2 0
github.com/luizg/jackui/internal/ai/client.go:461.29,467.3 1 0
github.com/luizg/jackui/internal/ai/client.go:468.2,468.66 1 0
github.com/luizg/jackui/internal/downloader/interface.go:18.52,19.17 1 0
github.com/luizg/jackui/internal/downloader/interface.go:20.21,21.33 1 0
github.com/luizg/jackui/internal/downloader/interface.go:22.22,23.34 1 0
github.com/luizg/jackui/internal/downloader/interface.go:24.10,25.70 1 0
github.com/luizg/jackui/internal/downloader/qbittorrent.go:24.60,36.2 2 1
github.com/luizg/jackui/internal/downloader/qbittorrent.go:38.37,38.54 1 1
github.com/luizg/jackui/internal/downloader/qbittorrent.go:39.37,39.61 1 1
github.com/luizg/jackui/internal/downloader/qbittorrent.go:41.37,49.16 6 1
github.com/luizg/jackui/internal/downloader/qbittorrent.go:49.16,51.3 1 0
github.com/luizg/jackui/internal/downloader/qbittorrent.go:52.2,57.38 4 1
github.com/luizg/jackui/internal/downloader/qbittorrent.go:57.38,59.3 1 0
github.com/luizg/jackui/internal/downloader/qbittorrent.go:61.2,61.25 1 1
github.com/luizg/jackui/internal/downloader/qbittorrent.go:61.25,63.3 1 1
github.com/luizg/jackui/internal/downloader/qbittorrent.go:65.2,66.12 2 1
github.com/luizg/jackui/internal/downloader/qbittorrent.go:69.46,70.17 1 1
github.com/luizg/jackui/internal/downloader/qbittorrent.go:70.17,72.3 1 1
github.com/luizg/jackui/internal/downloader/qbittorrent.go:73.2,73.12 1 1
github.com/luizg/jackui/internal/downloader/qbittorrent.go:76.74,77.43 1 1
github.com/luizg/jackui/internal/downloader/qbittorrent.go:77.43,79.3 1 1
github.com/luizg/jackui/internal/downloader/qbittorrent.go:81.2,85.20 4 1
github.com/luizg/jackui/internal/downloader/qbittorrent.go:85.20,87.3 1 1
github.com/luizg/jackui/internal/downloader/qbittorrent.go:89.2,90.16 2 1
github.com/luizg/jackui/internal/downloader/qbittorrent.go:90.16,93.45 2 0
github.com/luizg/jackui/internal/downloader/qbittorrent.go:93.45,95.4 1 0
github.com/luizg/jackui/internal/downloader/qbittorrent.go:96.3,97.17 2 0
github.com/luizg/jackui/internal/downloader/qbittorrent.go:97.17,99.4 1 0
github.com/luizg/jackui/internal/downloader/qbittorrent.go:101.2,103.38 2 1
github.com/luizg/jackui/internal/downloader/qbittorrent.go:103.38,106.3 2 1
github.com/luizg/jackui/internal/downloader/qbittorrent.go:108.2,108.12 1 1
github.com/luizg/jackui/internal/downloader/qbittorrent.go:111.79,112.43 1 1
github.com/luizg/jackui/internal/downloader/qbittorrent.go:112.43,114.3 1 0
github.com/luizg/jackui/internal/downloader/qbittorrent.go:116.2,120.20 4 1
github.com/luizg/jackui/internal/downloader/qbittorrent.go:120.20,122.3 1 0
github.com/luizg/jackui/internal/downloader/qbittorrent.go:124.2,125.16 2 1
github.com/luizg/jackui/internal/downloader/qbittorrent.go:125.16,127.45 2 0
github.com/luizg/jackui/internal/downloader/qbittorrent.go:127.45,129.4 1 0
github.com/luizg/jackui/internal/downloader/qbittorrent.go:130.3,131.17 2 0
github.com/luizg/jackui/internal/downloader/qbittorrent.go:131.17,133.4 1 0
github.com/luizg/jackui/internal/downloader/qbittorrent.go:135.2,137.38 2 1
github.com/luizg/jackui/internal/downloader/qbittorrent.go:137.38,140.3 2 0
github.com/luizg/jackui/internal/downloader/qbittorrent.go:142.2,142.12 1 1
github.com/luizg/jackui/internal/downloader/transmission.go:34.62,45.2 3 1
github.com/luizg/jackui/internal/downloader/transmission.go:47.38,47.55 1 1
github.com/luizg/jackui/internal/downloader/transmission.go:48.38,48.63 1 1
github.com/luizg/jackui/internal/downloader/transmission.go:54.102,56.2 1 1
github.com/luizg/jackui/internal/downloader/transmission.go:58.120,65.16 3 1
github.com/luizg/jackui/internal/downloader/transmission.go:65.16,67.3 1 0
github.com/luizg/jackui/internal/downloader/transmission.go:69.2,70.16 2 1
github.com/luizg/jackui/internal/downloader/transmission.go:70.16,72.3 1 0
github.com/luizg/jackui/internal/downloader/transmission.go:74.2,75.23 2 1
github.com/luizg/jackui/internal/downloader/transmission.go:75.23,77.3 1 1
github.com/luizg/jackui/internal/downloader/transmission.go:78.2,78.22 1 1
github.com/luizg/jackui/internal/downloader/transmission.go:78.22,80.3 1 1
github.com/luizg/jackui/internal/downloader/transmission.go:82.2,83.16 2 1
github.com/luizg/jackui/internal/downloader/transmission.go:83.16,85.3 1 0
github.com/luizg/jackui/internal/downloader/transmission.go:86.2,89.44 2 1
github.com/luizg/jackui/internal/downloader/transmission.go:89.44,91.24 2 1
github.com/luizg/jackui/internal/downloader/transmission.go:91.24,93.4 1 0
github.com/luizg/jackui/internal/downloader/transmission.go:94.3,94.23 1 1
github.com/luizg/jackui/internal/downloader/transmission.go:94.23,96.4 1 0
github.com/luizg/jackui/internal/downloader/transmission.go:97.3,97.44 1 1
github.com/luizg/jackui/internal/downloader/transmission.go:100.2,100.38 1 1
github.com/luizg/jackui/internal/downloader/transmission.go:100.38,103.3 2 1
github.com/luizg/jackui/internal/downloader/transmission.go:105.2,106.67 2 1
github.com/luizg/jackui/internal/downloader/transmission.go:106.67,108.3 1 0
github.com/luizg/jackui/internal/downloader/transmission.go:110.2,110.32 1 1
github.com/luizg/jackui/internal/downloader/transmission.go:110.32,112.3 1 1
github.com/luizg/jackui/internal/downloader/transmission.go:114.2,114.21 1 1
github.com/luizg/jackui/internal/downloader/transmission.go:117.75,121.20 2 1
github.com/luizg/jackui/internal/downloader/transmission.go:121.20,123.3 1 1
github.com/luizg/jackui/internal/downloader/transmission.go:125.2,126.16 2 1
github.com/luizg/jackui/internal/downloader/transmission.go:126.16,128.3 1 1
github.com/luizg/jackui/internal/downloader/transmission.go:129.2,129.12 1 1
github.com/luizg/jackui/internal/downloader/transmission.go:132.80,136.20 2 1
github.com/luizg/jackui/internal/downloader/transmission.go:136.20,138.3 1 0
github.com/luizg/jackui/internal/downloader/transmission.go:140.2,141.16 2 1
github.com/luizg/jackui/internal/downloader/transmission.go:141.16,143.3 1 0
github.com/luizg/jackui/internal/downloader/transmission.go:144.2,144.12 1 1
github.com/luizg/jackui/internal/dbutil/time.go:17.36,18.13 1 1
github.com/luizg/jackui/internal/dbutil/time.go:18.13,20.3 1 1
github.com/luizg/jackui/internal/dbutil/time.go:21.2,26.4 1 1
github.com/luizg/jackui/internal/dbutil/time.go:26.4,27.50 1 1
github.com/luizg/jackui/internal/dbutil/time.go:27.50,29.4 1 1
github.com/luizg/jackui/internal/dbutil/time.go:31.2,31.20 1 1
github.com/luizg/jackui/internal/downloads/store.go:58.39,60.16 2 1
github.com/luizg/jackui/internal/downloads/store.go:60.16,62.3 1 0
github.com/luizg/jackui/internal/downloads/store.go:63.2,65.36 3 1
github.com/luizg/jackui/internal/downloads/store.go:65.36,68.3 2 0
github.com/luizg/jackui/internal/downloads/store.go:69.2,69.15 1 1
github.com/luizg/jackui/internal/downloads/store.go:72.25,72.41 1 1
github.com/luizg/jackui/internal/downloads/store.go:74.33,98.16 2 1
github.com/luizg/jackui/internal/downloads/store.go:98.16,100.3 1 0
github.com/luizg/jackui/internal/downloads/store.go:101.2,101.54 1 1
github.com/luizg/jackui/internal/downloads/store.go:101.54,102.37 1 1
github.com/luizg/jackui/internal/downloads/store.go:102.37,103.108 1 0
github.com/luizg/jackui/internal/downloads/store.go:103.108,105.5 1 0
github.com/luizg/jackui/internal/downloads/store.go:108.2,108.12 1 1
github.com/luizg/jackui/internal/downloads/store.go:111.51,113.16 2 1
github.com/luizg/jackui/internal/downloads/store.go:113.16,115.3 1 0
github.com/luizg/jackui/internal/downloads/store.go:116.2,117.18 2 1
github.com/luizg/jackui/internal/downloads/store.go:117.18,123.81 6 1
github.com/luizg/jackui/internal/downloads/store.go:123.81,125.4 1 1
github.com/luizg/jackui/internal/downloads/store.go:127.2,127.14 1 0
github.com/luizg/jackui/internal/downloads/store.go:134.55,135.40 1 1
github.com/luizg/jackui/internal/downloads/store.go:135.40,137.3 1 0
github.com/luizg/jackui/internal/downloads/store.go:139.2,139.83 1 1
github.com/luizg/jackui/internal/downloads/store.go:139.83,141.73 1 1
github.com/luizg/jackui/internal/downloads/store.go:141.73,145.4 3 1
github.com/luizg/jackui/internal/downloads/store.go:147.3,147.42 1 1
github.com/luizg/jackui/internal/downloads/store.go:147.42,151.4 3 0
github.com/luizg/jackui/internal/downloads/store.go:152.3,152.23 1 1
github.com/luizg/jackui/internal/downloads/store.go:154.2,158.16 2 1
github.com/luizg/jackui/internal/downloads/store.go:158.16,160.3 1 0
github.com/luizg/jackui/internal/downloads/store.go:161.2,162.33 2 1
github.com/luizg/jackui/internal/downloads/store.go:166.56,169.2 2 1
github.com/luizg/jackui/internal/downloads/store.go:173.89,176.2 2 1
github.com/luizg/jackui/internal/downloads/store.go:178.82,179.14 1 0
github.com/luizg/jackui/internal/downloads/store.go:179.14,181.3 1 0
github.com/luizg/jackui/internal/downloads/store.go:182.2,187.26 3 0
github.com/luizg/jackui/internal/downloads/store.go:187.26,189.3 1 0
github.com/luizg/jackui/internal/downloads/store.go:190.2,190.16 1 0
github.com/luizg/jackui/internal/downloads/store.go:190.16,192.3 1 0
github.com/luizg/jackui/internal/downloads/store.go:193.2,193.22 1 0
github.com/luizg/jackui/internal/downloads/store.go:206.86,207.14 1 0
github.com/luizg/jackui/internal/downloads/store.go:207.14,209.3 1 0
github.com/luizg/jackui/internal/downloads/store.go:210.2,212.17 3 0
github.com/luizg/jackui/internal/downloads/store.go:212.17,215.3 2 0
github.com/luizg/jackui/internal/downloads/store.go:216.2,217.16 2 0
github.com/luizg/jackui/internal/downloads/store.go:217.16,219.3 1 0
github.com/luizg/jackui/internal/downloads/store.go:220.2,222.18 3 0
github.com/luizg/jackui/internal/downloads/store.go:222.18,224.38 2 0
github.com/luizg/jackui/internal/downloads/store.go:224.38,226.4 1 0
github.com/luizg/jackui/internal/downloads/store.go:228.2,228.24 1 0
github.com/luizg/jackui/internal/downloads/store.go:232.54,234.16 2 0
github.com/luizg/jackui/internal/downloads/store.go:234.16,236.3 1 0
github.com/luizg/jackui/internal/downloads/store.go:237.2,238.24 2 0
github.com/luizg/jackui/internal/downloads/store.go:243.122,246.18 3 0
github.com/luizg/jackui/internal/downloads/store.go:246.18,249.3 2 0
github.com/luizg/jackui/internal/downloads/store.go:250.2,250.19 1 0
github.com/luizg/jackui/internal/downloads/store.go:250.19,253.3 2 0
github.com/luizg/jackui/internal/downloads/store.go:254.2,254.20 1 0
github.com/luizg/jackui/internal/downloads/store.go:254.20,257.3 2 0
github.com/luizg/jackui/internal/downloads/store.go:258.2,258.18 1 0
github.com/luizg/jackui/internal/downloads/store.go:258.18,262.3 3 0
github.com/luizg/jackui/internal/downloads/store.go:263.2,264.17 2 0
github.com/luizg/jackui/internal/downloads/store.go:265.14,266.17 1 0
github.com/luizg/jackui/internal/downloads/store.go:267.14,268.22 1 0
github.com/luizg/jackui/internal/downloads/store.go:269.18,270.29 1 0
github.com/luizg/jackui/internal/downloads/store.go:271.16,272.19 1 0
github.com/luizg/jackui/internal/downloads/store.go:273.17,274.20 1 0
github.com/luizg/jackui/internal/downloads/store.go:275.18,276.21 1 0
github.com/luizg/jackui/internal/downloads/store.go:278.2,279.22 2 0
github.com/luizg/jackui/internal/downloads/store.go:279.22,281.3 1 0
github.com/luizg/jackui/internal/downloads/store.go:282.2,283.16 2 0
github.com/luizg/jackui/internal/downloads/store.go:283.16,285.3 1 0
github.com/luizg/jackui/internal/downloads/store.go:286.2,287.24 2 0
github.com/luizg/jackui/internal/downloads/store.go:292.50,294.16 2 1
github.com/luizg/jackui/internal/downloads/store.go:294.16,296.3 1 0
github.com/luizg/jackui/internal/downloads/store.go:297.2,298.24 2 1
github.com/luizg/jackui/internal/downloads/store.go:304.47,306.16 2 0
github.com/luizg/jackui/internal/downloads/store.go:306.16,308.3 1 0
github.com/luizg/jackui/internal/downloads/store.go:309.2,310.24 2 0
github.com/luizg/jackui/internal/downloads/store.go:315.127,318.18 3 0
github.com/luizg/jackui/internal/downloads/store.go:318.18,321.3 2 0
github.com/luizg/jackui/internal/downloads/store.go:322.2,322.19 1 0
github.com/luizg/jackui/internal/downloads/store.go:322.19,325.3 2 0
github.com/luizg/jackui/internal/downloads/store.go:326.2,326.20 1 0
github.com/luizg/jackui/internal/downloads/store.go:326.20,329.3 2 0
github.com/luizg/jackui/internal/downloads/store.go:330.2,330.24 1 0
github.com/luizg/jackui/internal/downloads/store.go:330.24,333.3 2 0
github.com/luizg/jackui/internal/downloads/store.go:334.2,334.18 1 0
github.com/luizg/jackui/internal/downloads/store.go:334.18,338.3 3 0
github.com/luizg/jackui/internal/downloads/store.go:339.2,340.17 2 0
github.com/luizg/jackui/internal/downloads/store.go:341.14,342.17 1 0
github.com/luizg/jackui/internal/downloads/store.go:343.14,344.22 1 0
github.com/luizg/jackui/internal/downloads/store.go:345.18,346.29 1 0
github.com/luizg/jackui/internal/downloads/store.go:347.16,348.19 1 0
github.com/luizg/jackui/internal/downloads/store.go:349.29,350.20 1 0
github.com/luizg/jackui/internal/downloads/store.go:351.17,352.20 1 0
github.com/luizg/jackui/internal/downloads/store.go:353.18,354.21 1 0
github.com/luizg/jackui/internal/downloads/store.go:356.2,357.22 2 0
github.com/luizg/jackui/internal/downloads/store.go:357.22,359.3 1 0
github.com/luizg/jackui/internal/downloads/store.go:360.2,361.16 2 0
github.com/luizg/jackui/internal/downloads/store.go:361.16,363.3 1 0
github.com/luizg/jackui/internal/downloads/store.go:364.2,365.24 2 0
github.com/luizg/jackui/internal/downloads/store.go:369.48,371.16 2 0
github.com/luizg/jackui/internal/downloads/store.go:371.16,373.3 1 0
github.com/luizg/jackui/internal/downloads/store.go:374.2,376.18 3 0
github.com/luizg/jackui/internal/downloads/store.go:376.18,378.29 2 0
github.com/luizg/jackui/internal/downloads/store.go:378.29,380.4 1 0
github.com/luizg/jackui/internal/downloads/store.go:382.2,382.24 1 0
github.com/luizg/jackui/internal/downloads/store.go:386.64,388.16 2 0
github.com/luizg/jackui/internal/downloads/store.go:388.16,390.3 1 0
github.com/luizg/jackui/internal/downloads/store.go:391.2,393.18 3 0
github.com/luizg/jackui/internal/downloads/store.go:393.18,395.27 2 0
github.com/luizg/jackui/internal/downloads/store.go:395.27,397.4 1 0
github.com/luizg/jackui/internal/downloads/store.go:399.2,399.24 1 0
github.com/luizg/jackui/internal/downloads/store.go:403.66,405.16 2 0
github.com/luizg/jackui/internal/downloads/store.go:405.16,407.3 1 0
github.com/luizg/jackui/internal/downloads/store.go:408.2,410.18 3 0
github.com/luizg/jackui/internal/downloads/store.go:410.18,412.27 2 0
github.com/luizg/jackui/internal/downloads/store.go:412.27,414.4 1 0
github.com/luizg/jackui/internal/downloads/store.go:416.2,416.24 1 0
github.com/luizg/jackui/internal/downloads/store.go:419.52,421.18 2 1
github.com/luizg/jackui/internal/downloads/store.go:421.18,423.17 2 1
github.com/luizg/jackui/internal/downloads/store.go:423.17,424.12 1 0
github.com/luizg/jackui/internal/downloads/store.go:426.3,426.24 1 1
github.com/luizg/jackui/internal/downloads/store.go:428.2,428.24 1 1
github.com/luizg/jackui/internal/downloads/store.go:435.64,436.26 1 1
github.com/luizg/jackui/internal/downloads/store.go:436.26,438.3 1 0
github.com/luizg/jackui/internal/downloads/store.go:439.2,440.16 2 1
github.com/luizg/jackui/internal/downloads/store.go:441.25,445.50 1 0
github.com/luizg/jackui/internal/downloads/store.go:446.23,449.23 1 1
github.com/luizg/jackui/internal/downloads/store.go:450.10,451.99 1 1
github.com/luizg/jackui/internal/downloads/store.go:453.2,453.12 1 1
github.com/luizg/jackui/internal/downloads/store.go:458.76,459.26 1 0
github.com/luizg/jackui/internal/downloads/store.go:459.26,461.3 1 0
github.com/luizg/jackui/internal/downloads/store.go:462.2,464.16 2 0
github.com/luizg/jackui/internal/downloads/store.go:464.16,466.3 1 0
github.com/luizg/jackui/internal/downloads/store.go:467.2,467.27 1 0
github.com/luizg/jackui/internal/downloads/store.go:471.85,472.26 1 0
github.com/luizg/jackui/internal/downloads/store.go:472.26,474.3 1 0
github.com/luizg/jackui/internal/downloads/store.go:475.2,475.19 1 0
github.com/luizg/jackui/internal/downloads/store.go:475.19,477.3 1 0
github.com/luizg/jackui/internal/downloads/store.go:478.2,480.25 3 0
github.com/luizg/jackui/internal/downloads/store.go:480.25,481.12 1 0
github.com/luizg/jackui/internal/downloads/store.go:481.12,483.4 1 0
github.com/luizg/jackui/internal/downloads/store.go:484.3,485.26 2 0
github.com/luizg/jackui/internal/downloads/store.go:487.2,489.16 3 0
github.com/luizg/jackui/internal/downloads/store.go:489.16,491.3 1 0
github.com/luizg/jackui/internal/downloads/store.go:492.2,492.27 1 0
github.com/luizg/jackui/internal/downloads/store.go:497.60,501.2 2 0
github.com/luizg/jackui/internal/downloads/store.go:505.64,508.2 2 0
github.com/luizg/jackui/internal/downloads/store.go:515.63,518.2 2 0
github.com/luizg/jackui/internal/downloads/store.go:522.100,525.2 2 0
github.com/luizg/jackui/internal/downloads/store.go:530.67,533.2 2 1
github.com/luizg/jackui/internal/downloads/store.go:538.46,540.16 2 1
github.com/luizg/jackui/internal/downloads/store.go:540.16,542.3 1 0
github.com/luizg/jackui/internal/downloads/store.go:543.2,544.12 2 1
github.com/luizg/jackui/internal/downloads/store.go:544.12,546.3 1 1
github.com/luizg/jackui/internal/downloads/store.go:547.2,547.12 1 1
github.com/luizg/jackui/internal/downloads/store.go:556.47,558.2 1 1
github.com/luizg/jackui/internal/downloads/store.go:560.50,562.2 1 1
github.com/luizg/jackui/internal/downloads/store.go:564.51,572.16 4 1
github.com/luizg/jackui/internal/downloads/store.go:572.16,574.3 1 1
github.com/luizg/jackui/internal/downloads/store.go:575.2,575.51 1 1
github.com/luizg/jackui/internal/downloads/store.go:575.51,577.3 1 0
github.com/luizg/jackui/internal/downloads/store.go:578.2,578.53 1 1
github.com/luizg/jackui/internal/downloads/store.go:578.53,580.3 1 1
github.com/luizg/jackui/internal/downloads/store.go:581.2,582.20 2 1
github.com/luizg/jackui/internal/downloads/store.go:582.20,584.21 2 1
github.com/luizg/jackui/internal/downloads/store.go:584.21,586.4 1 0
github.com/luizg/jackui/internal/downloads/store.go:588.2,588.15 1 1
github.com/luizg/jackui/internal/downloads/store.go:591.33,592.11 1 1
github.com/luizg/jackui/internal/downloads/store.go:593.84,594.14 1 1
github.com/luizg/jackui/internal/downloads/store.go:596.2,596.14 1 0
github.com/luizg/jackui/internal/downloads/worker.go:75.144,76.19 1 0
github.com/luizg/jackui/internal/downloads/worker.go:76.19,78.3 1 0
github.com/luizg/jackui/internal/downloads/worker.go:79.2,79.23 1 0
github.com/luizg/jackui/internal/downloads/worker.go:79.23,81.3 1 0
github.com/luizg/jackui/internal/downloads/worker.go:82.2,101.45 2 0
github.com/luizg/jackui/internal/downloads/worker.go:101.45,102.25 1 0
github.com/luizg/jackui/internal/downloads/worker.go:102.25,103.48 1 0
github.com/luizg/jackui/internal/downloads/worker.go:103.48,104.13 1 0
github.com/luizg/jackui/internal/downloads/worker.go:106.4,106.56 1 0
github.com/luizg/jackui/internal/downloads/worker.go:106.56,107.13 1 0
github.com/luizg/jackui/internal/downloads/worker.go:109.4,109.30 1 0
github.com/luizg/jackui/internal/downloads/worker.go:112.2,112.10 1 0
github.com/luizg/jackui/internal/downloads/worker.go:117.26,120.2 2 0
github.com/luizg/jackui/internal/downloads/worker.go:125.25,130.35 3 0
github.com/luizg/jackui/internal/downloads/worker.go:130.35,132.3 1 0
github.com/luizg/jackui/internal/downloads/worker.go:133.2,134.17 2 0
github.com/luizg/jackui/internal/downloads/worker.go:137.24,148.6 5 0
github.com/luizg/jackui/internal/downloads/worker.go:148.6,149.10 1 0
github.com/luizg/jackui/internal/downloads/worker.go:150.17,151.10 1 0
github.com/luizg/jackui/internal/downloads/worker.go:152.14,153.12 1 0
github.com/luizg/jackui/internal/downloads/worker.go:158.25,160.16 2 0
github.com/luizg/jackui/internal/downloads/worker.go:160.16,163.3 2 0
github.com/luizg/jackui/internal/downloads/worker.go:166.2,167.27 2 0
github.com/luizg/jackui/internal/downloads/worker.go:167.27,169.3 1 0
github.com/luizg/jackui/internal/downloads/worker.go:174.2,175.32 2 0
github.com/luizg/jackui/internal/downloads/worker.go:175.32,176.19 1 0
github.com/luizg/jackui/internal/downloads/worker.go:176.19,180.4 3 0
github.com/luizg/jackui/internal/downloads/worker.go:182.2,182.36 1 0
github.com/luizg/jackui/internal/downloads/worker.go:182.36,183.19 1 0
github.com/luizg/jackui/internal/downloads/worker.go:183.19,187.4 3 0
github.com/luizg/jackui/internal/downloads/worker.go:189.2,191.27 2 0
github.com/luizg/jackui/internal/downloads/worker.go:191.27,193.3 1 0
github.com/luizg/jackui/internal/downloads/worker.go:203.40,209.12 5 0
github.com/luizg/jackui/internal/downloads/worker.go:209.12,212.57 1 0
github.com/luizg/jackui/internal/downloads/worker.go:212.57,217.4 4 0
github.com/luizg/jackui/internal/downloads/worker.go:220.2,220.13 1 0
github.com/luizg/jackui/internal/downloads/worker.go:220.13,221.16 1 0
github.com/luizg/jackui/internal/downloads/worker.go:221.16,223.4 1 0
github.com/luizg/jackui/internal/downloads/worker.go:224.3,230.9 7 0
github.com/luizg/jackui/internal/downloads/worker.go:235.2,235.20 1 0
github.com/luizg/jackui/internal/downloads/worker.go:235.20,237.3 1 0
github.com/luizg/jackui/internal/downloads/worker.go:238.2,249.35 2 0
github.com/luizg/jackui/internal/downloads/worker.go:249.35,252.3 1 0
github.com/luizg/jackui/internal/downloads/worker.go:252.8,252.43 1 0
github.com/luizg/jackui/internal/downloads/worker.go:252.43,254.3 1 0
github.com/luizg/jackui/internal/downloads/worker.go:256.2,256.59 1 0
github.com/luizg/jackui/internal/downloads/worker.go:256.59,257.26 1 0
github.com/luizg/jackui/internal/downloads/worker.go:257.26,260.63 3 0
github.com/luizg/jackui/internal/downloads/worker.go:260.63,262.5 1 0
github.com/luizg/jackui/internal/downloads/worker.go:262.10,262.56 1 0
github.com/luizg/jackui/internal/downloads/worker.go:262.56,264.5 1 0
github.com/luizg/jackui/internal/downloads/worker.go:264.10,268.5 3 0
github.com/luizg/jackui/internal/downloads/worker.go:270.3,276.102 7 0
github.com/luizg/jackui/internal/downloads/worker.go:286.64,288.15 2 0
github.com/luizg/jackui/internal/downloads/worker.go:288.15,292.3 3 0
github.com/luizg/jackui/internal/downloads/worker.go:294.2,298.16 4 0
github.com/luizg/jackui/internal/downloads/worker.go:298.16,301.3 2 0
github.com/luizg/jackui/internal/downloads/worker.go:302.2,303.9 2 0
github.com/luizg/jackui/internal/downloads/worker.go:303.9,306.3 2 0
github.com/luizg/jackui/internal/downloads/worker.go:309.2,309.9 1 0
github.com/luizg/jackui/internal/downloads/worker.go:310.21,310.21 0 0
github.com/luizg/jackui/internal/downloads/worker.go:311.20,313.9 2 0
github.com/luizg/jackui/internal/downloads/worker.go:316.2,317.50 2 0
github.com/luizg/jackui/internal/downloads/worker.go:317.50,321.3 2 0
github.com/luizg/jackui/internal/downloads/worker.go:322.2,361.55 11 0
github.com/luizg/jackui/internal/downloads/worker.go:361.55,365.3 3 0
github.com/luizg/jackui/internal/downloads/worker.go:366.2,374.58 4 0
github.com/luizg/jackui/internal/downloads/worker.go:374.58,376.3 1 0
github.com/luizg/jackui/internal/downloads/worker.go:377.2,377.132 1 0
github.com/luizg/jackui/internal/downloads/worker.go:384.54,387.19 3 0
github.com/luizg/jackui/internal/downloads/worker.go:387.19,390.3 2 0
github.com/luizg/jackui/internal/downloads/worker.go:391.2,395.25 4 0
github.com/luizg/jackui/internal/downloads/worker.go:395.25,402.17 7 0
github.com/luizg/jackui/internal/downloads/worker.go:402.17,404.4 1 0
github.com/luizg/jackui/internal/downloads/worker.go:405.3,406.9 2 0
github.com/luizg/jackui/internal/downloads/worker.go:408.2,408.110 1 0
github.com/luizg/jackui/internal/downloads/worker.go:415.74,416.23 1 0
github.com/luizg/jackui/internal/downloads/worker.go:416.23,418.3 1 0
github.com/luizg/jackui/internal/downloads/worker.go:419.2,420.37 2 0
github.com/luizg/jackui/internal/downloads/worker.go:420.37,423.17 3 0
github.com/luizg/jackui/internal/downloads/worker.go:423.17,426.4 2 0
github.com/luizg/jackui/internal/downloads/worker.go:427.3,430.17 4 0
github.com/luizg/jackui/internal/downloads/worker.go:430.17,432.29 2 0
github.com/luizg/jackui/internal/downloads/worker.go:432.29,434.5 1 0
github.com/luizg/jackui/internal/downloads/worker.go:435.4,435.57 1 0
github.com/luizg/jackui/internal/downloads/worker.go:437.3,437.23 1 0
github.com/luizg/jackui/internal/downloads/worker.go:437.23,439.11 2 0
github.com/luizg/jackui/internal/downloads/worker.go:440.22,441.11 1 0
github.com/luizg/jackui/internal/downloads/worker.go:442.34,442.34 0 0
github.com/luizg/jackui/internal/downloads/worker.go:444.9,446.4 1 0
github.com/luizg/jackui/internal/downloads/worker.go:453.44,457.2 3 0
github.com/luizg/jackui/internal/downloads/worker.go:462.38,463.44 1 0
github.com/luizg/jackui/internal/downloads/worker.go:463.44,465.3 1 0
github.com/luizg/jackui/internal/downloads/worker.go:466.2,467.16 2 0
github.com/luizg/jackui/internal/downloads/worker.go:467.16,469.3 1 0
github.com/luizg/jackui/internal/downloads/worker.go:470.2,472.16 3 0
github.com/luizg/jackui/internal/downloads/worker.go:472.16,474.3 1 0
github.com/luizg/jackui/internal/downloads/worker.go:475.2,475.44 1 0
github.com/luizg/jackui/internal/downloads/worker.go:475.44,479.3 3 0
github.com/luizg/jackui/internal/downloads/worker.go:480.2,480.36 1 0
github.com/luizg/jackui/internal/downloads/worker.go:480.36,483.3 2 0
github.com/luizg/jackui/internal/downloads/worker.go:484.2,484.23 1 0
github.com/luizg/jackui/internal/config/config.go:137.41,139.16 2 1
github.com/luizg/jackui/internal/config/config.go:139.16,140.25 1 1
github.com/luizg/jackui/internal/config/config.go:140.25,142.49 2 1
github.com/luizg/jackui/internal/config/config.go:142.49,144.5 1 0
github.com/luizg/jackui/internal/config/config.go:145.4,145.19 1 1
github.com/luizg/jackui/internal/config/config.go:147.3,147.59 1 0
github.com/luizg/jackui/internal/config/config.go:150.2,151.51 2 1
github.com/luizg/jackui/internal/config/config.go:151.51,153.3 1 1
github.com/luizg/jackui/internal/config/config.go:155.2,155.19 1 1
github.com/luizg/jackui/internal/config/config.go:155.19,157.3 1 1
github.com/luizg/jackui/internal/config/config.go:159.2,161.18 2 1
github.com/luizg/jackui/internal/config/config.go:164.42,166.16 2 1
github.com/luizg/jackui/internal/config/config.go:166.16,168.3 1 0
github.com/luizg/jackui/internal/config/config.go:170.2,170.55 1 1
github.com/luizg/jackui/internal/config/config.go:170.55,172.3 1 0
github.com/luizg/jackui/internal/config/config.go:174.2,174.12 1 1
github.com/luizg/jackui/internal/config/config.go:179.37,180.44 1 1
github.com/luizg/jackui/internal/config/config.go:180.44,182.3 1 0
github.com/luizg/jackui/internal/config/config.go:183.2,183.48 1 1
github.com/luizg/jackui/internal/config/config.go:183.48,185.3 1 0
github.com/luizg/jackui/internal/config/config.go:186.2,186.44 1 1
github.com/luizg/jackui/internal/config/config.go:186.44,187.53 1 0
github.com/luizg/jackui/internal/config/config.go:187.53,189.4 1 0
github.com/luizg/jackui/internal/config/config.go:191.2,191.47 1 1
github.com/luizg/jackui/internal/config/config.go:191.47,193.3 1 0
github.com/luizg/jackui/internal/config/config.go:194.2,194.50 1 1
github.com/luizg/jackui/internal/config/config.go:194.50,196.3 1 0
github.com/luizg/jackui/internal/config/config.go:197.2,197.52 1 1
github.com/luizg/jackui/internal/config/config.go:197.52,199.3 1 0
github.com/luizg/jackui/internal/config/config.go:200.2,200.49 1 1
github.com/luizg/jackui/internal/config/config.go:200.49,202.3 1 0
github.com/luizg/jackui/internal/config/config.go:203.2,203.50 1 1
github.com/luizg/jackui/internal/config/config.go:203.50,205.3 1 0
github.com/luizg/jackui/internal/config/config.go:206.2,206.53 1 1
github.com/luizg/jackui/internal/config/config.go:206.53,207.54 1 0
github.com/luizg/jackui/internal/config/config.go:207.54,209.4 1 0
github.com/luizg/jackui/internal/config/config.go:211.2,211.68 1 1
github.com/luizg/jackui/internal/config/config.go:211.68,213.3 1 0
github.com/luizg/jackui/internal/config/config.go:214.2,214.54 1 1
github.com/luizg/jackui/internal/config/config.go:214.54,216.3 1 0
github.com/luizg/jackui/internal/config/config.go:217.2,217.54 1 1
github.com/luizg/jackui/internal/config/config.go:217.54,219.3 1 0
github.com/luizg/jackui/internal/config/config.go:220.2,220.50 1 1
github.com/luizg/jackui/internal/config/config.go:220.50,222.3 1 0
github.com/luizg/jackui/internal/config/config.go:223.2,223.50 1 1
github.com/luizg/jackui/internal/config/config.go:223.50,225.3 1 0
github.com/luizg/jackui/internal/config/config.go:226.2,226.48 1 1
github.com/luizg/jackui/internal/config/config.go:226.48,228.3 1 0
github.com/luizg/jackui/internal/config/config.go:229.2,229.45 1 1
github.com/luizg/jackui/internal/config/config.go:229.45,231.3 1 0
github.com/luizg/jackui/internal/config/config.go:232.2,232.45 1 1
github.com/luizg/jackui/internal/config/config.go:232.45,234.3 1 0
github.com/luizg/jackui/internal/config/config.go:238.2,238.55 1 1
github.com/luizg/jackui/internal/config/config.go:238.55,240.41 2 1
github.com/luizg/jackui/internal/config/config.go:240.41,242.4 1 1
github.com/luizg/jackui/internal/config/config.go:243.3,243.46 1 1
github.com/luizg/jackui/internal/config/config.go:243.46,246.34 3 1
github.com/luizg/jackui/internal/config/config.go:246.34,247.13 1 1
github.com/luizg/jackui/internal/config/config.go:249.4,250.46 2 1
github.com/luizg/jackui/internal/config/config.go:250.46,251.13 1 0
github.com/luizg/jackui/internal/config/config.go:253.4,254.21 2 1
github.com/luizg/jackui/internal/config/config.go:259.2,259.49 1 1
github.com/luizg/jackui/internal/config/config.go:259.49,261.3 1 0
github.com/luizg/jackui/internal/config/config.go:262.2,262.49 1 1
github.com/luizg/jackui/internal/config/config.go:262.49,263.44 1 0
github.com/luizg/jackui/internal/config/config.go:263.44,265.4 1 0
github.com/luizg/jackui/internal/config/config.go:267.2,267.49 1 1
github.com/luizg/jackui/internal/config/config.go:267.49,269.3 1 0
github.com/luizg/jackui/internal/config/config.go:270.2,270.49 1 1
github.com/luizg/jackui/internal/config/config.go:270.49,272.3 1 0
github.com/luizg/jackui/internal/config/config.go:273.2,273.49 1 1
github.com/luizg/jackui/internal/config/config.go:273.49,275.3 1 0
github.com/luizg/jackui/internal/config/config.go:276.2,276.48 1 1
github.com/luizg/jackui/internal/config/config.go:276.48,278.3 1 0
github.com/luizg/jackui/internal/config/config.go:280.2,283.33 2 1
github.com/luizg/jackui/internal/config/config.go:283.33,285.3 1 1
github.com/luizg/jackui/internal/config/config.go:286.2,286.37 1 1
github.com/luizg/jackui/internal/config/config.go:286.37,288.3 1 1
github.com/luizg/jackui/internal/config/config.go:300.30,301.29 1 1
github.com/luizg/jackui/internal/config/config.go:301.29,303.3 1 1
github.com/luizg/jackui/internal/config/config.go:304.2,304.44 1 1
github.com/luizg/jackui/internal/config/config.go:304.44,306.22 2 0
github.com/luizg/jackui/internal/config/config.go:306.22,308.4 1 0
github.com/luizg/jackui/internal/config/config.go:309.3,309.16 1 0
github.com/luizg/jackui/internal/config/config.go:309.16,311.4 1 0
github.com/luizg/jackui/internal/config/config.go:312.3,312.29 1 0
github.com/luizg/jackui/internal/config/config.go:314.2,314.45 1 1
github.com/luizg/jackui/internal/config/config.go:314.45,316.3 1 0
github.com/luizg/jackui/internal/config/config.go:317.2,317.51 1 1
github.com/luizg/jackui/internal/config/config.go:317.51,319.3 1 0
github.com/luizg/jackui/internal/config/config.go:320.2,320.49 1 1
github.com/luizg/jackui/internal/config/config.go:320.49,322.3 1 0
github.com/luizg/jackui/internal/config/config.go:323.2,323.48 1 1
github.com/luizg/jackui/internal/config/config.go:323.48,328.38 2 0
github.com/luizg/jackui/internal/config/config.go:328.38,330.4 1 0
github.com/luizg/jackui/internal/config/config.go:331.3,331.29 1 0
github.com/luizg/jackui/internal/config/config.go:336.2,336.67 1 1
github.com/luizg/jackui/internal/config/config.go:336.67,339.3 2 0
github.com/luizg/jackui/internal/config/config.go:342.2,342.28 1 1
github.com/luizg/jackui/internal/config/config.go:342.28,344.21 2 1
github.com/luizg/jackui/internal/config/config.go:344.21,347.4 2 0
github.com/luizg/jackui/internal/config/config.go:348.8,348.28 1 0
github.com/luizg/jackui/internal/config/config.go:348.28,351.3 1 0
github.com/luizg/jackui/internal/config/config.go:357.54,360.65 2 1
github.com/luizg/jackui/internal/config/config.go:360.65,363.14 3 0
github.com/luizg/jackui/internal/config/config.go:363.14,365.4 1 0
github.com/luizg/jackui/internal/config/config.go:367.2,367.61 1 1
github.com/luizg/jackui/internal/config/config.go:367.61,370.14 3 0
github.com/luizg/jackui/internal/config/config.go:370.14,372.4 1 0
github.com/luizg/jackui/internal/config/config.go:374.2,374.67 1 1
github.com/luizg/jackui/internal/config/config.go:374.67,377.14 3 0
github.com/luizg/jackui/internal/config/config.go:377.14,379.4 1 0
github.com/luizg/jackui/internal/config/config.go:381.2,381.64 1 1
github.com/luizg/jackui/internal/config/config.go:381.64,384.96 2 0
github.com/luizg/jackui/internal/config/config.go:384.96,386.4 1 0
github.com/luizg/jackui/internal/config/config.go:388.3,388.28 1 0
github.com/luizg/jackui/internal/config/config.go:388.28,389.38 1 0
github.com/luizg/jackui/internal/config/config.go:389.38,391.10 2 0
github.com/luizg/jackui/internal/config/config.go:395.2,395.14 1 1
github.com/luizg/jackui/internal/config/config.go:398.30,415.2 6 1
github.com/luizg/jackui/internal/config/config.go:420.51,424.16 4 0
github.com/luizg/jackui/internal/config/config.go:424.16,426.3 1 0
github.com/luizg/jackui/internal/config/config.go:427.2,427.18 1 0
github.com/luizg/jackui/internal/config/config.go:427.18,429.3 1 0
github.com/luizg/jackui/internal/config/config.go:430.2,431.16 2 0
github.com/luizg/jackui/internal/config/config.go:431.16,433.3 1 0
github.com/luizg/jackui/internal/config/config.go:434.2,435.28 2 0
github.com/luizg/jackui/internal/config/config.go:435.28,437.3 1 0
github.com/luizg/jackui/internal/config/config.go:438.2,443.67 2 0
github.com/luizg/jackui/internal/config/config.go:443.67,445.3 1 0
github.com/luizg/jackui/internal/config/config.go:446.2,447.32 2 0
github.com/luizg/jackui/internal/config/config.go:447.32,448.17 1 0
github.com/luizg/jackui/internal/config/config.go:448.17,450.4 1 0
github.com/luizg/jackui/internal/config/config.go:452.2,452.12 1 0
github.com/luizg/jackui/internal/config/config.go:459.61,461.30 1 0
github.com/luizg/jackui/internal/config/config.go:461.30,462.28 1 0
github.com/luizg/jackui/internal/config/config.go:462.28,463.14 1 0
github.com/luizg/jackui/internal/config/config.go:463.14,465.5 1 0
github.com/luizg/jackui/internal/config/config.go:469.2,469.27 1 0
github.com/luizg/jackui/internal/config/config.go:469.27,470.36 1 0
github.com/luizg/jackui/internal/config/config.go:470.36,472.4 1 0
github.com/luizg/jackui/internal/config/config.go:475.2,475.27 1 0
github.com/luizg/jackui/internal/config/config.go:475.27,477.103 2 0
github.com/luizg/jackui/internal/config/config.go:477.103,479.4 1 0
github.com/luizg/jackui/internal/config/config.go:482.2,482.27 1 0
github.com/luizg/jackui/internal/config/config.go:482.27,483.57 1 0
github.com/luizg/jackui/internal/config/config.go:483.57,485.4 1 0
github.com/luizg/jackui/internal/config/config.go:487.2,487.21 1 0
github.com/luizg/jackui/internal/config/config.go:487.21,489.3 1 0
github.com/luizg/jackui/internal/config/config.go:490.2,490.11 1 0
github.com/luizg/jackui/internal/jackett/client.go:25.38,26.16 1 1
github.com/luizg/jackui/internal/jackett/client.go:26.16,28.3 1 1
github.com/luizg/jackui/internal/jackett/client.go:29.2,30.16 2 1
github.com/luizg/jackui/internal/jackett/client.go:30.16,32.3 1 0
github.com/luizg/jackui/internal/jackett/client.go:33.2,34.27 2 1
github.com/luizg/jackui/internal/jackett/client.go:34.27,36.3 1 1
github.com/luizg/jackui/internal/jackett/client.go:37.2,39.19 3 1
github.com/luizg/jackui/internal/jackett/client.go:97.41,103.2 1 1
github.com/luizg/jackui/internal/jackett/client.go:105.86,107.68 2 1
github.com/luizg/jackui/internal/jackett/client.go:107.68,109.3 1 1
github.com/luizg/jackui/internal/jackett/client.go:111.2,114.16 3 1
github.com/luizg/jackui/internal/jackett/client.go:114.16,116.3 1 0
github.com/luizg/jackui/internal/jackett/client.go:118.2,121.41 4 1
github.com/luizg/jackui/internal/jackett/client.go:121.41,123.3 1 1
github.com/luizg/jackui/internal/jackett/client.go:124.2,127.16 3 1
github.com/luizg/jackui/internal/jackett/client.go:127.16,129.3 1 0
github.com/luizg/jackui/internal/jackett/client.go:130.2,132.38 2 1
github.com/luizg/jackui/internal/jackett/client.go:132.38,135.3 2 1
github.com/luizg/jackui/internal/jackett/client.go:137.2,138.69 2 1
github.com/luizg/jackui/internal/jackett/client.go:138.69,140.3 1 0
github.com/luizg/jackui/internal/jackett/client.go:142.2,143.37 2 1
github.com/luizg/jackui/internal/jackett/client.go:143.37,145.26 2 1
github.com/luizg/jackui/internal/jackett/client.go:145.26,147.4 1 1
github.com/luizg/jackui/internal/jackett/client.go:149.3,165.5 2 1
github.com/luizg/jackui/internal/jackett/client.go:168.2,168.21 1 1
github.com/luizg/jackui/internal/jackett/client.go:171.51,179.16 3 1
github.com/luizg/jackui/internal/jackett/client.go:179.16,181.3 1 0
github.com/luizg/jackui/internal/jackett/client.go:183.2,192.61 6 1
github.com/luizg/jackui/internal/jackett/client.go:192.61,194.4 1 0
github.com/luizg/jackui/internal/jackett/client.go:196.2,197.16 2 1
github.com/luizg/jackui/internal/jackett/client.go:197.16,199.3 1 0
github.com/luizg/jackui/internal/jackett/client.go:200.2,202.91 2 1
github.com/luizg/jackui/internal/jackett/client.go:202.91,206.3 1 0
github.com/luizg/jackui/internal/jackett/client.go:207.2,207.38 1 1
github.com/luizg/jackui/internal/jackett/client.go:207.38,210.3 2 0
github.com/luizg/jackui/internal/jackett/client.go:212.2,213.72 2 1
github.com/luizg/jackui/internal/jackett/client.go:213.72,215.3 1 0
github.com/luizg/jackui/internal/jackett/client.go:217.2,218.33 2 1
github.com/luizg/jackui/internal/jackett/client.go:218.33,219.20 1 1
github.com/luizg/jackui/internal/jackett/client.go:219.20,228.4 1 1
github.com/luizg/jackui/internal/jackett/client.go:231.2,231.22 1 1
github.com/luizg/jackui/internal/jackett/client.go:242.41,245.16 3 1
github.com/luizg/jackui/internal/jackett/client.go:245.16,247.3 1 0
github.com/luizg/jackui/internal/jackett/client.go:248.2,256.61 5 1
github.com/luizg/jackui/internal/jackett/client.go:256.61,258.4 1 0
github.com/luizg/jackui/internal/jackett/client.go:261.2,262.16 2 1
github.com/luizg/jackui/internal/jackett/client.go:262.16,264.3 1 0
github.com/luizg/jackui/internal/jackett/client.go:265.2,267.9 2 1
github.com/luizg/jackui/internal/jackett/client.go:268.40,269.13 1 1
github.com/luizg/jackui/internal/jackett/client.go:270.93,272.75 1 0
github.com/luizg/jackui/internal/jackett/client.go:273.93,274.39 1 1
github.com/luizg/jackui/internal/jackett/client.go:275.10,276.62 1 0
github.com/luizg/jackui/internal/jackett/client.go:301.52,304.16 3 0
github.com/luizg/jackui/internal/jackett/client.go:304.16,306.3 1 0
github.com/luizg/jackui/internal/jackett/client.go:307.2,314.16 7 0
github.com/luizg/jackui/internal/jackett/client.go:314.16,316.3 1 0
github.com/luizg/jackui/internal/jackett/client.go:317.2,318.38 2 0
github.com/luizg/jackui/internal/jackett/client.go:318.38,321.3 2 0
github.com/luizg/jackui/internal/jackett/client.go:323.2,324.66 2 0
github.com/luizg/jackui/internal/jackett/client.go:324.66,326.3 1 0
github.com/luizg/jackui/internal/jackett/client.go:328.2,329.38 2 0
github.com/luizg/jackui/internal/jackett/client.go:329.38,330.31 1 0
github.com/luizg/jackui/internal/jackett/client.go:330.31,331.12 1 0
github.com/luizg/jackui/internal/jackett/client.go:333.3,339.5 1 0
github.com/luizg/jackui/internal/jackett/client.go:341.2,341.17 1 0
github.com/luizg/jackui/internal/jackett/client.go:345.108,348.16 3 0
github.com/luizg/jackui/internal/jackett/client.go:348.16,350.3 1 0
github.com/luizg/jackui/internal/jackett/client.go:351.2,354.41 4 0
github.com/luizg/jackui/internal/jackett/client.go:354.41,356.3 1 0
github.com/luizg/jackui/internal/jackett/client.go:357.2,360.16 3 0
github.com/luizg/jackui/internal/jackett/client.go:360.16,362.3 1 0
github.com/luizg/jackui/internal/jackett/client.go:363.2,364.38 2 0
github.com/luizg/jackui/internal/jackett/client.go:364.38,366.3 1 0
github.com/luizg/jackui/internal/jackett/client.go:368.2,369.69 2 0
github.com/luizg/jackui/internal/jackett/client.go:369.69,371.3 1 0
github.com/luizg/jackui/internal/jackett/client.go:373.2,374.37 2 0
github.com/luizg/jackui/internal/jackett/client.go:374.37,376.26 2 0
github.com/luizg/jackui/internal/jackett/client.go:376.26,378.4 1 0
github.com/luizg/jackui/internal/jackett/client.go:379.3,392.5 1 0
github.com/luizg/jackui/internal/jackett/client.go:394.2,394.21 1 0
github.com/luizg/jackui/internal/jackett/client.go:418.9,419.28 1 0
github.com/luizg/jackui/internal/jackett/client.go:419.28,421.3 1 0
github.com/luizg/jackui/internal/jackett/client.go:423.2,424.16 2 0
github.com/luizg/jackui/internal/jackett/client.go:424.16,426.3 1 0
github.com/luizg/jackui/internal/jackett/client.go:429.2,430.68 2 0
github.com/luizg/jackui/internal/jackett/client.go:430.68,431.31 1 0
github.com/luizg/jackui/internal/jackett/client.go:431.31,433.4 1 0
github.com/luizg/jackui/internal/jackett/client.go:435.2,436.26 2 0
github.com/luizg/jackui/internal/jackett/client.go:436.26,437.37 1 0
github.com/luizg/jackui/internal/jackett/client.go:437.37,439.4 1 0
github.com/luizg/jackui/internal/jackett/client.go:443.2,444.29 2 0
github.com/luizg/jackui/internal/jackett/client.go:444.29,448.3 3 0
github.com/luizg/jackui/internal/jackett/client.go:450.2,451.30 2 0
github.com/luizg/jackui/internal/jackett/client.go:451.30,453.24 2 0
github.com/luizg/jackui/internal/jackett/client.go:453.24,466.4 6 0
github.com/luizg/jackui/internal/jackett/client.go:468.2,469.12 2 0
github.com/luizg/jackui/internal/jackett/client.go:472.43,473.23 1 1
github.com/luizg/jackui/internal/jackett/client.go:473.23,475.3 1 1
github.com/luizg/jackui/internal/jackett/client.go:477.2,486.33 4 1
github.com/luizg/jackui/internal/jackett/client.go:486.33,488.22 2 1
github.com/luizg/jackui/internal/jackett/client.go:488.22,489.9 1 1
github.com/luizg/jackui/internal/jackett/client.go:493.2,493.21 1 1
github.com/luizg/jackui/internal/jackett/client.go:493.21,495.3 1 1
github.com/luizg/jackui/internal/jackett/client.go:497.2,498.9 2 1
github.com/luizg/jackui/internal/jackett/client.go:499.24,500.53 1 1
github.com/luizg/jackui/internal/jackett/client.go:501.27,502.51 1 1
github.com/luizg/jackui/internal/jackett/client.go:503.29,504.54 1 1
github.com/luizg/jackui/internal/jackett/client.go:505.30,506.58 1 1
github.com/luizg/jackui/internal/jackett/client.go:507.31,508.60 1 1
github.com/luizg/jackui/internal/jackett/client.go:509.10,510.60 1 1
github.com/luizg/jackui/internal/local/browser.go:32.57,34.2 1 1
github.com/luizg/jackui/internal/local/browser.go:36.36,38.2 1 1
github.com/luizg/jackui/internal/local/browser.go:42.54,44.29 2 1
github.com/luizg/jackui/internal/local/browser.go:44.29,45.31 1 1
github.com/luizg/jackui/internal/local/browser.go:45.31,47.4 1 1
github.com/luizg/jackui/internal/local/browser.go:47.9,47.28 1 0
github.com/luizg/jackui/internal/local/browser.go:47.28,48.37 1 0
github.com/luizg/jackui/internal/local/browser.go:48.37,49.22 1 0
github.com/luizg/jackui/internal/local/browser.go:49.22,51.11 2 0
github.com/luizg/jackui/internal/local/browser.go:56.2,56.12 1 1
github.com/luizg/jackui/internal/local/browser.go:60.66,61.29 1 0
github.com/luizg/jackui/internal/local/browser.go:61.29,62.26 1 0
github.com/luizg/jackui/internal/local/browser.go:62.26,63.32 1 0
github.com/luizg/jackui/internal/local/browser.go:63.32,65.5 1 0
github.com/luizg/jackui/internal/local/browser.go:66.4,66.37 1 0
github.com/luizg/jackui/internal/local/browser.go:66.37,67.22 1 0
github.com/luizg/jackui/internal/local/browser.go:67.22,69.6 1 0
github.com/luizg/jackui/internal/local/browser.go:71.4,71.16 1 0
github.com/luizg/jackui/internal/local/browser.go:74.2,74.14 1 0
github.com/luizg/jackui/internal/local/browser.go:77.71,78.29 1 1
github.com/luizg/jackui/internal/local/browser.go:78.29,79.21 1 1
github.com/luizg/jackui/internal/local/browser.go:79.21,81.4 1 1
github.com/luizg/jackui/internal/local/browser.go:83.2,83.38 1 1
github.com/luizg/jackui/internal/local/browser.go:89.74,91.9 2 1
github.com/luizg/jackui/internal/local/browser.go:91.9,93.3 1 1
github.com/luizg/jackui/internal/local/browser.go:96.2,96.29 1 1
github.com/luizg/jackui/internal/local/browser.go:96.29,98.3 1 1
github.com/luizg/jackui/internal/local/browser.go:103.2,103.19 1 1
github.com/luizg/jackui/internal/local/browser.go:103.19,107.58 2 1
github.com/luizg/jackui/internal/local/browser.go:107.58,108.23 1 1
github.com/luizg/jackui/internal/local/browser.go:108.23,110.5 1 1
github.com/luizg/jackui/internal/local/browser.go:115.2,120.16 4 1
github.com/luizg/jackui/internal/local/browser.go:120.16,122.3 1 0
github.com/luizg/jackui/internal/local/browser.go:124.2,127.83 2 1
github.com/luizg/jackui/internal/local/browser.go:127.83,129.3 1 0
github.com/luizg/jackui/internal/local/browser.go:138.2,139.16 2 1
github.com/luizg/jackui/internal/local/browser.go:139.16,141.3 1 0
github.com/luizg/jackui/internal/local/browser.go:142.2,142.61 1 1
github.com/luizg/jackui/internal/local/browser.go:142.61,143.96 1 1
github.com/luizg/jackui/internal/local/browser.go:143.96,145.4 1 1
github.com/luizg/jackui/internal/local/browser.go:152.2,152.17 1 1
github.com/luizg/jackui/internal/local/browser.go:157.68,159.16 2 1
github.com/luizg/jackui/internal/local/browser.go:159.16,161.3 1 1
github.com/luizg/jackui/internal/local/browser.go:163.2,164.16 2 1
github.com/luizg/jackui/internal/local/browser.go:164.16,166.3 1 0
github.com/luizg/jackui/internal/local/browser.go:167.2,167.19 1 1
github.com/luizg/jackui/internal/local/browser.go:167.19,169.3 1 0
github.com/luizg/jackui/internal/local/browser.go:171.2,172.16 2 1
github.com/luizg/jackui/internal/local/browser.go:172.16,174.3 1 0
github.com/luizg/jackui/internal/local/browser.go:177.2,181.32 4 1
github.com/luizg/jackui/internal/local/browser.go:181.32,183.17 2 1
github.com/luizg/jackui/internal/local/browser.go:183.17,184.12 1 0
github.com/luizg/jackui/internal/local/browser.go:186.3,188.35 2 1
github.com/luizg/jackui/internal/local/browser.go:188.35,189.12 1 0
github.com/luizg/jackui/internal/local/browser.go:192.3,193.19 2 1
github.com/luizg/jackui/internal/local/browser.go:193.19,195.4 1 1
github.com/luizg/jackui/internal/local/browser.go:195.9,197.4 1 1
github.com/luizg/jackui/internal/local/browser.go:199.3,207.5 2 1
github.com/luizg/jackui/internal/local/browser.go:211.2,211.44 1 1
github.com/luizg/jackui/internal/local/browser.go:211.44,212.35 1 1
github.com/luizg/jackui/internal/local/browser.go:212.35,214.4 1 1
github.com/luizg/jackui/internal/local/browser.go:215.3,215.69 1 1
github.com/luizg/jackui/internal/local/browser.go:218.2,218.17 1 1
github.com/luizg/jackui/internal/local/browser.go:244.35,247.2 2 1
github.com/luizg/jackui/internal/history/store.go:26.39,28.16 2 1
github.com/luizg/jackui/internal/history/store.go:28.16,30.3 1 0
github.com/luizg/jackui/internal/history/store.go:31.2,33.23 3 1
github.com/luizg/jackui/internal/history/store.go:36.25,38.2 1 1
github.com/luizg/jackui/internal/history/store.go:40.33,89.16 2 1
github.com/luizg/jackui/internal/history/store.go:89.16,91.3 1 1
github.com/luizg/jackui/internal/history/store.go:95.2,95.40 1 1
github.com/luizg/jackui/internal/history/store.go:95.40,96.107 1 1
github.com/luizg/jackui/internal/history/store.go:96.107,98.4 1 0
github.com/luizg/jackui/internal/history/store.go:101.2,101.107 1 1
github.com/luizg/jackui/internal/history/store.go:101.107,103.3 1 0
github.com/luizg/jackui/internal/history/store.go:106.2,109.39 4 1
github.com/luizg/jackui/internal/history/store.go:109.39,110.96 1 0
github.com/luizg/jackui/internal/history/store.go:110.96,112.4 1 0
github.com/luizg/jackui/internal/history/store.go:114.2,114.12 1 1
github.com/luizg/jackui/internal/history/store.go:118.51,120.16 2 1
github.com/luizg/jackui/internal/history/store.go:120.16,122.3 1 0
github.com/luizg/jackui/internal/history/store.go:123.2,124.18 2 1
github.com/luizg/jackui/internal/history/store.go:124.18,126.51 2 1
github.com/luizg/jackui/internal/history/store.go:126.51,128.4 1 1
github.com/luizg/jackui/internal/history/store.go:130.2,130.14 1 1
github.com/luizg/jackui/internal/history/store.go:136.41,138.22 2 1
github.com/luizg/jackui/internal/history/store.go:138.22,140.3 1 0
github.com/luizg/jackui/internal/history/store.go:141.2,142.27 2 1
github.com/luizg/jackui/internal/history/store.go:142.27,145.14 2 1
github.com/luizg/jackui/internal/history/store.go:145.14,146.12 1 0
github.com/luizg/jackui/internal/history/store.go:148.3,148.38 1 1
github.com/luizg/jackui/internal/history/store.go:150.2,150.34 1 1
github.com/luizg/jackui/internal/history/store.go:156.80,157.23 1 1
github.com/luizg/jackui/internal/history/store.go:157.23,159.3 1 0
github.com/luizg/jackui/internal/history/store.go:161.2,162.16 2 1
github.com/luizg/jackui/internal/history/store.go:162.16,164.3 1 0
github.com/luizg/jackui/internal/history/store.go:165.2,169.28 3 1
github.com/luizg/jackui/internal/history/store.go:169.28,170.23 1 1
github.com/luizg/jackui/internal/history/store.go:170.23,171.24 1 1
github.com/luizg/jackui/internal/history/store.go:171.24,172.13 1 0
github.com/luizg/jackui/internal/history/store.go:174.4,178.17 4 1
github.com/luizg/jackui/internal/history/store.go:178.17,179.13 1 1
github.com/luizg/jackui/internal/history/store.go:183.3,187.17 2 1
github.com/luizg/jackui/internal/history/store.go:187.17,189.4 1 0
github.com/luizg/jackui/internal/history/store.go:192.2,192.20 1 1
github.com/luizg/jackui/internal/history/store.go:197.91,203.17 3 1
github.com/luizg/jackui/internal/history/store.go:203.17,206.3 2 1
github.com/luizg/jackui/internal/history/store.go:207.2,209.16 3 1
github.com/luizg/jackui/internal/history/store.go:209.16,211.3 1 0
github.com/luizg/jackui/internal/history/store.go:212.2,215.18 3 1
github.com/luizg/jackui/internal/history/store.go:215.18,223.17 3 1
github.com/luizg/jackui/internal/history/store.go:223.17,224.12 1 0
github.com/luizg/jackui/internal/history/store.go:226.3,228.23 3 1
github.com/luizg/jackui/internal/history/store.go:230.2,230.24 1 1
github.com/luizg/jackui/internal/history/store.go:235.105,237.20 2 1
github.com/luizg/jackui/internal/history/store.go:237.20,239.3 1 0
github.com/luizg/jackui/internal/history/store.go:240.2,240.16 1 1
github.com/luizg/jackui/internal/history/store.go:240.16,242.3 1 0
github.com/luizg/jackui/internal/history/store.go:243.2,250.17 3 1
github.com/luizg/jackui/internal/history/store.go:250.17,253.3 2 0
github.com/luizg/jackui/internal/history/store.go:254.2,257.16 4 1
github.com/luizg/jackui/internal/history/store.go:257.16,259.3 1 0
github.com/luizg/jackui/internal/history/store.go:260.2,264.18 4 1
github.com/luizg/jackui/internal/history/store.go:264.18,272.17 3 1
github.com/luizg/jackui/internal/history/store.go:272.17,273.12 1 0
github.com/luizg/jackui/internal/history/store.go:276.3,276.23 1 1
github.com/luizg/jackui/internal/history/store.go:276.23,277.28 1 1
github.com/luizg/jackui/internal/history/store.go:277.28,278.13 1 0
github.com/luizg/jackui/internal/history/store.go:280.4,280.31 1 1
github.com/luizg/jackui/internal/history/store.go:282.3,284.23 3 1
github.com/luizg/jackui/internal/history/store.go:286.2,286.24 1 1
github.com/luizg/jackui/internal/history/store.go:298.88,303.17 3 1
github.com/luizg/jackui/internal/history/store.go:303.17,306.3 2 0
github.com/luizg/jackui/internal/history/store.go:307.2,313.16 4 1
github.com/luizg/jackui/internal/history/store.go:313.16,315.3 1 0
github.com/luizg/jackui/internal/history/store.go:316.2,319.18 3 1
github.com/luizg/jackui/internal/history/store.go:319.18,322.72 3 1
github.com/luizg/jackui/internal/history/store.go:322.72,323.12 1 0
github.com/luizg/jackui/internal/history/store.go:325.3,326.23 2 1
github.com/luizg/jackui/internal/history/store.go:328.2,328.24 1 1
github.com/luizg/jackui/internal/history/store.go:335.86,341.14 3 0
github.com/luizg/jackui/internal/history/store.go:341.14,344.3 2 0
github.com/luizg/jackui/internal/history/store.go:345.2,353.16 4 0
github.com/luizg/jackui/internal/history/store.go:353.16,355.3 1 0
github.com/luizg/jackui/internal/history/store.go:356.2,358.16 3 0
github.com/luizg/jackui/internal/history/store.go:364.78,370.2 2 0
github.com/luizg/jackui/internal/history/store.go:373.56,377.2 3 1
github.com/luizg/jackui/internal/history/store.go:381.78,382.16 1 0
github.com/luizg/jackui/internal/history/store.go:382.16,385.3 2 0
github.com/luizg/jackui/internal/history/store.go:386.2,387.12 2 0
github.com/luizg/jackui/internal/history/store.go:391.62,392.16 1 0
github.com/luizg/jackui/internal/history/store.go:392.16,395.3 2 0
github.com/luizg/jackui/internal/history/store.go:396.2,397.12 2 0
github.com/luizg/jackui/internal/imagesearch/bing.go:21.37,23.2 1 1
github.com/luizg/jackui/internal/imagesearch/bing.go:25.30,25.47 1 1
github.com/luizg/jackui/internal/imagesearch/bing.go:30.80,40.16 9 1
github.com/luizg/jackui/internal/imagesearch/bing.go:40.16,42.3 1 0
github.com/luizg/jackui/internal/imagesearch/bing.go:43.2,44.38 2 1
github.com/luizg/jackui/internal/imagesearch/bing.go:44.38,46.3 1 0
github.com/luizg/jackui/internal/imagesearch/bing.go:47.2,49.57 2 1
github.com/luizg/jackui/internal/imagesearch/bing.go:49.57,51.16 2 1
github.com/luizg/jackui/internal/imagesearch/bing.go:51.16,52.12 1 0
github.com/luizg/jackui/internal/imagesearch/bing.go:54.3,54.69 1 1
github.com/luizg/jackui/internal/imagesearch/bing.go:54.69,56.4 1 1
github.com/luizg/jackui/internal/imagesearch/bing.go:58.2,58.21 1 0
github.com/luizg/jackui/internal/imagesearch/bing.go:62.36,65.2 2 1
github.com/luizg/jackui/internal/imagesearch/duckduckgo.go:22.49,24.2 1 1
github.com/luizg/jackui/internal/imagesearch/duckduckgo.go:26.36,26.59 1 0
github.com/luizg/jackui/internal/imagesearch/duckduckgo.go:38.86,40.29 2 1
github.com/luizg/jackui/internal/imagesearch/duckduckgo.go:40.29,42.3 1 1
github.com/luizg/jackui/internal/imagesearch/duckduckgo.go:44.2,58.16 14 1
github.com/luizg/jackui/internal/imagesearch/duckduckgo.go:58.16,60.3 1 0
github.com/luizg/jackui/internal/imagesearch/duckduckgo.go:61.2,62.38 2 1
github.com/luizg/jackui/internal/imagesearch/duckduckgo.go:62.38,64.3 1 0
github.com/luizg/jackui/internal/imagesearch/duckduckgo.go:65.2,67.50 3 1
github.com/luizg/jackui/internal/imagesearch/duckduckgo.go:67.50,69.3 1 0
github.com/luizg/jackui/internal/imagesearch/duckduckgo.go:71.2,71.31 1 1
github.com/luizg/jackui/internal/imagesearch/duckduckgo.go:71.31,72.20 1 1
github.com/luizg/jackui/internal/imagesearch/duckduckgo.go:72.20,73.12 1 0
github.com/luizg/jackui/internal/imagesearch/duckduckgo.go:75.3,75.73 1 1
github.com/luizg/jackui/internal/imagesearch/duckduckgo.go:75.73,77.4 1 1
github.com/luizg/jackui/internal/imagesearch/duckduckgo.go:79.2,79.21 1 0
github.com/luizg/jackui/internal/imagesearch/duckduckgo.go:83.79,94.16 10 1
github.com/luizg/jackui/internal/imagesearch/duckduckgo.go:94.16,96.3 1 0
github.com/luizg/jackui/internal/imagesearch/duckduckgo.go:97.2,100.14 4 1
github.com/luizg/jackui/internal/imagesearch/duckduckgo.go:100.14,102.3 1 1
github.com/luizg/jackui/internal/imagesearch/duckduckgo.go:103.2,103.26 1 1
github.com/luizg/jackui/internal/imagesearch/imagesearch.go:43.41,44.23 1 1
github.com/luizg/jackui/internal/imagesearch/imagesearch.go:44.23,46.3 1 0
github.com/luizg/jackui/internal/imagesearch/imagesearch.go:47.2,47.33 1 1
github.com/luizg/jackui/internal/imagesearch/imagesearch.go:52.23,58.2 2 0
github.com/luizg/jackui/internal/imagesearch/imagesearch.go:63.110,65.29 2 1
github.com/luizg/jackui/internal/imagesearch/imagesearch.go:65.29,67.3 1 0
github.com/luizg/jackui/internal/imagesearch/imagesearch.go:68.2,69.30 2 1
github.com/luizg/jackui/internal/imagesearch/imagesearch.go:69.30,71.18 2 1
github.com/luizg/jackui/internal/imagesearch/imagesearch.go:71.18,73.12 2 0
github.com/luizg/jackui/internal/imagesearch/imagesearch.go:75.3,75.17 1 1
github.com/luizg/jackui/internal/imagesearch/imagesearch.go:75.17,77.4 1 1
github.com/luizg/jackui/internal/imagesearch/imagesearch.go:79.2,79.29 1 0
github.com/luizg/jackui/internal/imagesearch/imagesearch.go:84.99,86.16 2 1
github.com/luizg/jackui/internal/imagesearch/imagesearch.go:86.16,88.3 1 0
github.com/luizg/jackui/internal/imagesearch/imagesearch.go:89.2,91.16 3 1
github.com/luizg/jackui/internal/imagesearch/imagesearch.go:91.16,93.3 1 0
github.com/luizg/jackui/internal/imagesearch/imagesearch.go:94.2,95.53 2 1
github.com/luizg/jackui/internal/imagesearch/imagesearch.go:95.53,97.3 1 0
github.com/luizg/jackui/internal/imagesearch/imagesearch.go:98.2,99.16 2 1
github.com/luizg/jackui/internal/imagesearch/imagesearch.go:99.16,101.3 1 0
[...]
github.com/luizg/jackui/internal/transcode/capabilities.go:188.19,190.3 1 1
github.com/luizg/jackui/internal/transcode/capabilities.go:191.2,192.11 2 1
github.com/luizg/jackui/internal/transcode/capabilities.go:197.30,199.16 2 0
github.com/luizg/jackui/internal/transcode/capabilities.go:199.16,201.3 1 0
github.com/luizg/jackui/internal/transcode/capabilities.go:202.2,202.10 1 0
github.com/luizg/jackui/internal/transcode/capabilities.go:205.63,209.2 3 0
github.com/luizg/jackui/internal/transcode/capabilities.go:211.67,214.2 2 0
github.com/luizg/jackui/internal/transcode/capabilities.go:216.67,219.2 2 0
github.com/luizg/jackui/internal/transcode/capabilities.go:223.49,225.56 2 1
github.com/luizg/jackui/internal/transcode/capabilities.go:225.56,227.22 2 1
github.com/luizg/jackui/internal/transcode/capabilities.go:227.22,228.12 1 1
github.com/luizg/jackui/internal/transcode/capabilities.go:231.3,232.41 2 1
github.com/luizg/jackui/internal/transcode/capabilities.go:232.41,233.12 1 0
github.com/luizg/jackui/internal/transcode/capabilities.go:235.3,235.22 1 1
github.com/luizg/jackui/internal/transcode/capabilities.go:237.2,237.10 1 1
github.com/luizg/jackui/internal/transcode/capabilities.go:242.87,248.42 2 0
github.com/luizg/jackui/internal/transcode/capabilities.go:248.42,256.3 1 0
github.com/luizg/jackui/internal/transcode/capabilities.go:257.2,266.16 8 0
github.com/luizg/jackui/internal/transcode/capabilities.go:266.16,268.21 2 0
github.com/luizg/jackui/internal/transcode/capabilities.go:268.21,270.4 1 0
github.com/luizg/jackui/internal/transcode/capabilities.go:271.3,271.50 1 0
github.com/luizg/jackui/internal/transcode/capabilities.go:273.2,274.17 2 0
github.com/luizg/jackui/internal/transcode/capabilities.go:274.17,276.3 1 0
github.com/luizg/jackui/internal/transcode/capabilities.go:277.2,277.23 1 0
github.com/luizg/jackui/internal/transcode/capabilities.go:282.57,288.25 4 1
github.com/luizg/jackui/internal/transcode/capabilities.go:288.25,289.40 1 1
github.com/luizg/jackui/internal/transcode/capabilities.go:289.40,290.12 1 1
github.com/luizg/jackui/internal/transcode/capabilities.go:292.3,293.10 2 1
github.com/luizg/jackui/internal/transcode/capabilities.go:293.10,295.4 1 0
github.com/luizg/jackui/internal/transcode/capabilities.go:296.3,296.18 1 1
github.com/luizg/jackui/internal/transcode/capabilities.go:296.18,299.4 2 1
github.com/luizg/jackui/internal/transcode/capabilities.go:301.2,301.13 1 1
github.com/luizg/jackui/internal/transcode/capabilities.go:305.40,308.2 2 0
github.com/luizg/jackui/internal/transcode/hls.go:81.64,83.66 2 1
github.com/luizg/jackui/internal/transcode/hls.go:83.66,85.3 1 0
github.com/luizg/jackui/internal/transcode/hls.go:86.2,86.49 1 1
github.com/luizg/jackui/internal/transcode/hls.go:86.49,88.3 1 0
github.com/luizg/jackui/internal/transcode/hls.go:89.2,94.15 3 1
github.com/luizg/jackui/internal/transcode/hls.go:108.38,111.19 3 1
github.com/luizg/jackui/internal/transcode/hls.go:111.19,114.28 3 0
github.com/luizg/jackui/internal/transcode/hls.go:114.28,119.41 5 0
github.com/luizg/jackui/internal/transcode/hls.go:119.41,123.5 3 0
github.com/luizg/jackui/internal/transcode/hls.go:125.3,125.16 1 0
github.com/luizg/jackui/internal/transcode/hls.go:173.70,176.64 3 1
github.com/luizg/jackui/internal/transcode/hls.go:176.64,178.3 1 0
github.com/luizg/jackui/internal/transcode/hls.go:179.2,179.37 1 1
github.com/luizg/jackui/internal/transcode/hls.go:186.51,190.16 4 0
github.com/luizg/jackui/internal/transcode/hls.go:190.16,192.3 1 0
github.com/luizg/jackui/internal/transcode/hls.go:193.2,194.17 2 0
github.com/luizg/jackui/internal/transcode/hls.go:206.99,210.23 3 1
github.com/luizg/jackui/internal/transcode/hls.go:210.23,215.34 4 0
github.com/luizg/jackui/internal/transcode/hls.go:215.34,217.4 1 0
github.com/luizg/jackui/internal/transcode/hls.go:221.3,223.23 3 0
github.com/luizg/jackui/internal/transcode/hls.go:223.23,225.56 2 0
github.com/luizg/jackui/internal/transcode/hls.go:225.56,227.5 1 0
github.com/luizg/jackui/internal/transcode/hls.go:228.4,229.13 2 0
github.com/luizg/jackui/internal/transcode/hls.go:229.13,230.49 1 0
github.com/luizg/jackui/internal/transcode/hls.go:230.49,232.6 1 0
github.com/luizg/jackui/internal/transcode/hls.go:233.5,233.20 1 0
github.com/luizg/jackui/internal/transcode/hls.go:235.4,235.18 1 0
github.com/luizg/jackui/internal/transcode/hls.go:235.18,237.5 1 0
github.com/luizg/jackui/internal/transcode/hls.go:239.3,239.9 1 0
github.com/luizg/jackui/internal/transcode/hls.go:242.2,243.9 2 1
github.com/luizg/jackui/internal/transcode/hls.go:243.9,247.3 3 0
github.com/luizg/jackui/internal/transcode/hls.go:248.2,253.33 6 1
github.com/luizg/jackui/internal/transcode/hls.go:253.33,255.3 1 0
github.com/luizg/jackui/internal/transcode/hls.go:257.2,259.17 3 1
github.com/luizg/jackui/internal/transcode/hls.go:259.17,261.53 2 1
github.com/luizg/jackui/internal/transcode/hls.go:261.53,263.4 1 1
github.com/luizg/jackui/internal/transcode/hls.go:264.3,265.12 2 1
github.com/luizg/jackui/internal/transcode/hls.go:265.12,266.48 1 1
github.com/luizg/jackui/internal/transcode/hls.go:266.48,268.5 1 0
github.com/luizg/jackui/internal/transcode/hls.go:269.4,269.19 1 1
github.com/luizg/jackui/internal/transcode/hls.go:271.3,271.17 1 1
github.com/luizg/jackui/internal/transcode/hls.go:271.17,273.4 1 0
github.com/luizg/jackui/internal/transcode/hls.go:280.70,281.42 1 1
github.com/luizg/jackui/internal/transcode/hls.go:281.42,283.3 1 0
github.com/luizg/jackui/internal/transcode/hls.go:284.2,285.33 2 1
github.com/luizg/jackui/internal/transcode/hls.go:285.33,287.3 1 0
github.com/luizg/jackui/internal/transcode/hls.go:288.2,289.14 2 1
github.com/luizg/jackui/internal/transcode/hls.go:289.14,291.3 1 0
github.com/luizg/jackui/internal/transcode/hls.go:292.2,294.20 3 1
github.com/luizg/jackui/internal/transcode/hls.go:294.20,296.3 1 0
github.com/luizg/jackui/internal/transcode/hls.go:297.2,298.51 2 1
github.com/luizg/jackui/internal/transcode/hls.go:298.51,300.3 1 0
github.com/luizg/jackui/internal/transcode/hls.go:301.2,302.18 2 1
github.com/luizg/jackui/internal/transcode/hls.go:302.18,304.35 2 1
github.com/luizg/jackui/internal/transcode/hls.go:304.35,306.4 1 0
github.com/luizg/jackui/internal/transcode/hls.go:307.3,307.19 1 1
github.com/luizg/jackui/internal/transcode/hls.go:307.19,309.4 1 1
github.com/luizg/jackui/internal/transcode/hls.go:311.2,311.25 1 1
github.com/luizg/jackui/internal/transcode/hls.go:327.48,328.45 1 1
github.com/luizg/jackui/internal/transcode/hls.go:328.45,330.3 1 1
github.com/luizg/jackui/internal/transcode/hls.go:331.2,331.18 1 0
github.com/luizg/jackui/internal/transcode/hls.go:342.86,353.16 5 1
github.com/luizg/jackui/internal/transcode/hls.go:353.16,355.3 1 1
github.com/luizg/jackui/internal/transcode/hls.go:356.2,361.53 2 1
github.com/luizg/jackui/internal/transcode/hls.go:361.53,363.3 1 0
github.com/luizg/jackui/internal/transcode/hls.go:364.2,365.27 2 1
github.com/luizg/jackui/internal/transcode/hls.go:365.27,367.3 1 0
github.com/luizg/jackui/internal/transcode/hls.go:368.2,368.10 1 1
github.com/luizg/jackui/internal/transcode/hls.go:393.50,399.27 2 1
github.com/luizg/jackui/internal/transcode/hls.go:399.27,403.3 1 1
github.com/luizg/jackui/internal/transcode/hls.go:404.2,415.11 4 1
github.com/luizg/jackui/internal/transcode/hls.go:415.11,428.45 2 1
github.com/luizg/jackui/internal/transcode/hls.go:428.45,430.4 1 1
github.com/luizg/jackui/internal/transcode/hls.go:445.3,446.19 2 1
github.com/luizg/jackui/internal/transcode/hls.go:446.19,448.4 1 1
github.com/luizg/jackui/internal/transcode/hls.go:449.8,451.3 1 1
github.com/luizg/jackui/internal/transcode/hls.go:452.2,466.13 2 1
github.com/luizg/jackui/internal/transcode/hls.go:473.49,477.36 4 1
github.com/luizg/jackui/internal/transcode/hls.go:477.36,480.3 2 0
github.com/luizg/jackui/internal/transcode/hls.go:481.2,489.12 8 1
github.com/luizg/jackui/internal/transcode/hls.go:489.12,495.18 4 1
github.com/luizg/jackui/internal/transcode/hls.go:495.18,497.4 1 1
github.com/luizg/jackui/internal/transcode/hls.go:498.3,499.77 2 1
github.com/luizg/jackui/internal/transcode/hls.go:499.77,501.4 1 0
github.com/luizg/jackui/internal/transcode/hls.go:503.2,503.12 1 1
github.com/luizg/jackui/internal/transcode/hls.go:527.45,528.34 1 0
github.com/luizg/jackui/internal/transcode/hls.go:528.34,530.3 1 0
github.com/luizg/jackui/internal/transcode/hls.go:531.2,534.65 4 0
github.com/luizg/jackui/internal/transcode/hls.go:534.65,536.3 1 0
github.com/luizg/jackui/internal/transcode/hls.go:542.39,545.28 3 0
github.com/luizg/jackui/internal/transcode/hls.go:545.28,546.52 1 0
github.com/luizg/jackui/internal/transcode/hls.go:546.52,548.4 1 0
github.com/luizg/jackui/internal/transcode/hls.go:550.2,550.11 1 0
github.com/luizg/jackui/internal/transcode/hls.go:556.35,556.73 1 0
github.com/luizg/jackui/internal/transcode/hls.go:560.45,560.74 1 0
github.com/luizg/jackui/internal/transcode/hls.go:564.44,565.73 1 1
github.com/luizg/jackui/internal/transcode/hls.go:565.73,567.3 1 1
github.com/luizg/jackui/internal/transcode/hls.go:568.2,569.16 2 1
github.com/luizg/jackui/internal/transcode/hls.go:569.16,571.3 1 0
github.com/luizg/jackui/internal/transcode/hls.go:572.2,572.16 1 1
github.com/luizg/jackui/internal/transcode/hls.go:580.47,581.34 1 0
github.com/luizg/jackui/internal/transcode/hls.go:581.34,583.3 1 0
github.com/luizg/jackui/internal/transcode/hls.go:584.2,592.16 8 0
github.com/luizg/jackui/internal/transcode/hls.go:592.16,594.3 1 0
github.com/luizg/jackui/internal/transcode/hls.go:599.2,599.32 1 0
github.com/luizg/jackui/internal/transcode/hls.go:599.32,601.3 1 0
github.com/luizg/jackui/internal/transcode/hls.go:603.2,604.19 2 0
github.com/luizg/jackui/internal/transcode/hls.go:604.19,606.3 1 0
github.com/luizg/jackui/internal/transcode/hls.go:607.2,610.22 4 0
github.com/luizg/jackui/internal/transcode/hls.go:616.101,618.35 2 1
github.com/luizg/jackui/internal/transcode/hls.go:618.35,624.3 5 0
github.com/luizg/jackui/internal/transcode/hls.go:625.2,628.17 3 1
github.com/luizg/jackui/internal/transcode/hls.go:628.17,630.3 1 1
github.com/luizg/jackui/internal/transcode/hls.go:632.2,633.48 2 1
github.com/luizg/jackui/internal/transcode/hls.go:633.48,635.3 1 0
github.com/luizg/jackui/internal/transcode/hls.go:637.2,638.27 2 1
github.com/luizg/jackui/internal/transcode/hls.go:638.27,640.3 1 0
github.com/luizg/jackui/internal/transcode/hls.go:646.2,646.24 1 1
github.com/luizg/jackui/internal/transcode/hls.go:646.24,648.3 1 0
github.com/luizg/jackui/internal/transcode/hls.go:649.2,650.16 2 1
github.com/luizg/jackui/internal/transcode/hls.go:650.16,652.3 1 0
github.com/luizg/jackui/internal/transcode/hls.go:653.2,658.18 3 1
github.com/luizg/jackui/internal/transcode/hls.go:658.18,659.49 1 0
github.com/luizg/jackui/internal/transcode/hls.go:659.49,661.4 1 0
github.com/luizg/jackui/internal/transcode/hls.go:663.2,664.73 2 1
github.com/luizg/jackui/internal/transcode/hls.go:664.73,668.3 1 1
github.com/luizg/jackui/internal/transcode/hls.go:669.2,670.12 2 1
github.com/luizg/jackui/internal/transcode/hls.go:670.12,670.39 1 1
github.com/luizg/jackui/internal/transcode/hls.go:671.2,700.36 6 1
github.com/luizg/jackui/internal/transcode/hls.go:700.36,704.3 3 0
github.com/luizg/jackui/internal/transcode/hls.go:706.2,710.15 4 1
github.com/luizg/jackui/internal/transcode/hls.go:717.65,720.34 3 1
github.com/luizg/jackui/internal/transcode/hls.go:720.34,725.60 1 1
github.com/luizg/jackui/internal/transcode/hls.go:725.60,727.4 1 1
github.com/luizg/jackui/internal/transcode/hls.go:733.3,737.13 5 1
github.com/luizg/jackui/internal/transcode/hls.go:737.13,740.61 1 0
github.com/luizg/jackui/internal/transcode/hls.go:740.61,742.5 1 0
github.com/luizg/jackui/internal/transcode/hls.go:743.4,743.68 1 0
github.com/luizg/jackui/internal/transcode/hls.go:745.3,745.37 1 1
github.com/luizg/jackui/internal/transcode/hls.go:747.2,747.62 1 0
github.com/luizg/jackui/internal/transcode/hls.go:753.89,755.70 1 1
github.com/luizg/jackui/internal/transcode/hls.go:755.70,757.3 1 0
github.com/luizg/jackui/internal/transcode/hls.go:758.2,760.34 3 1
github.com/luizg/jackui/internal/transcode/hls.go:760.34,764.60 4 1
github.com/luizg/jackui/internal/transcode/hls.go:764.60,769.4 4 1
github.com/luizg/jackui/internal/transcode/hls.go:770.3,770.13 1 0
github.com/luizg/jackui/internal/transcode/hls.go:770.13,772.61 1 0
github.com/luizg/jackui/internal/transcode/hls.go:772.61,774.5 1 0
github.com/luizg/jackui/internal/transcode/hls.go:775.4,775.64 1 0
github.com/luizg/jackui/internal/transcode/hls.go:777.3,777.37 1 0
github.com/luizg/jackui/internal/transcode/hls.go:779.2,779.72 1 0
github.com/luizg/jackui/internal/transcode/hls.go:784.29,788.21 4 1
github.com/luizg/jackui/internal/transcode/hls.go:788.21,790.3 1 1
github.com/luizg/jackui/internal/transcode/hls.go:791.2,791.54 1 1
github.com/luizg/jackui/internal/transcode/hls.go:791.54,793.3 1 1
github.com/luizg/jackui/internal/transcode/hls.go:794.2,794.24 1 1
github.com/luizg/jackui/internal/transcode/hls.go:794.24,798.3 3 1
github.com/luizg/jackui/internal/transcode/hls.go:799.2,799.25 1 1
github.com/luizg/jackui/internal/transcode/hls.go:805.67,809.9 4 0
github.com/luizg/jackui/internal/transcode/hls.go:809.9,811.3 1 0
github.com/luizg/jackui/internal/transcode/hls.go:812.2,815.15 4 0
github.com/luizg/jackui/internal/transcode/hls.go:820.47,823.8 3 1
github.com/luizg/jackui/internal/transcode/hls.go:823.8,825.3 1 1
github.com/luizg/jackui/internal/transcode/hls.go:826.2,827.8 2 1
github.com/luizg/jackui/internal/transcode/hls.go:827.8,829.3 1 1
github.com/luizg/jackui/internal/transcode/hls.go:838.45,838.82 1 1
github.com/luizg/jackui/internal/transcode/hls.go:840.50,842.6 2 1
github.com/luizg/jackui/internal/transcode/hls.go:842.6,844.12 2 1
github.com/luizg/jackui/internal/transcode/hls.go:844.12,845.9 1 1
github.com/luizg/jackui/internal/transcode/hls.go:847.3,849.17 3 1
github.com/luizg/jackui/internal/transcode/hls.go:849.17,851.4 1 1
github.com/luizg/jackui/internal/transcode/hls.go:853.2,853.20 1 1
github.com/luizg/jackui/internal/transcode/hls.go:867.61,868.14 1 0
github.com/luizg/jackui/internal/transcode/hls.go:868.14,870.3 1 0
github.com/luizg/jackui/internal/transcode/hls.go:871.2,875.29 4 0
github.com/luizg/jackui/internal/transcode/hls.go:875.29,877.15 2 0
github.com/luizg/jackui/internal/transcode/hls.go:877.15,879.12 2 0
github.com/luizg/jackui/internal/transcode/hls.go:881.3,882.43 2 0
github.com/luizg/jackui/internal/transcode/hls.go:882.43,884.4 1 0
github.com/luizg/jackui/internal/transcode/hls.go:885.3,886.20 2 0
github.com/luizg/jackui/internal/transcode/hls.go:886.20,888.4 1 0
github.com/luizg/jackui/internal/transcode/hls.go:890.3,891.18 2 0
github.com/luizg/jackui/internal/transcode/hls.go:891.18,892.53 1 0
github.com/luizg/jackui/internal/transcode/hls.go:892.53,893.31 1 0
github.com/luizg/jackui/internal/transcode/hls.go:893.31,894.58 1 0
github.com/luizg/jackui/internal/transcode/hls.go:894.58,896.7 1 0
github.com/luizg/jackui/internal/transcode/hls.go:901.3,909.16 2 0
github.com/luizg/jackui/internal/transcode/hls.go:911.2,911.18 1 0
github.com/luizg/jackui/internal/transcode/pipeline.go:42.88,44.17 2 0
github.com/luizg/jackui/internal/transcode/pipeline.go:44.17,46.3 1 0
github.com/luizg/jackui/internal/transcode/pipeline.go:48.2,51.12 4 0
github.com/luizg/jackui/internal/transcode/pipeline.go:51.12,54.24 1 0
github.com/luizg/jackui/internal/transcode/pipeline.go:54.24,56.4 1 0
github.com/luizg/jackui/internal/transcode/pipeline.go:57.3,58.81 2 0
github.com/luizg/jackui/internal/transcode/pipeline.go:60.2,60.84 1 0
github.com/luizg/jackui/internal/transcode/pipeline.go:60.84,62.3 1 0
github.com/luizg/jackui/internal/transcode/pipeline.go:65.2,68.31 3 0
github.com/luizg/jackui/internal/transcode/pipeline.go:68.31,70.3 1 0
github.com/luizg/jackui/internal/transcode/pipeline.go:73.2,74.21 2 0
github.com/luizg/jackui/internal/transcode/pipeline.go:74.21,76.3 1 0
github.com/luizg/jackui/internal/transcode/pipeline.go:78.2,82.78 2 0
github.com/luizg/jackui/internal/transcode/pipeline.go:82.78,84.3 1 0
github.com/luizg/jackui/internal/transcode/pipeline.go:86.2,100.26 3 0
github.com/luizg/jackui/internal/transcode/pipeline.go:100.26,102.3 1 0
github.com/luizg/jackui/internal/transcode/pipeline.go:102.8,104.3 1 0
github.com/luizg/jackui/internal/transcode/pipeline.go:105.2,108.28 2 0
github.com/luizg/jackui/internal/transcode/pipeline.go:108.28,113.28 2 0
github.com/luizg/jackui/internal/transcode/pipeline.go:113.28,115.4 1 0
github.com/luizg/jackui/internal/transcode/pipeline.go:119.2,119.25 1 0
github.com/luizg/jackui/internal/transcode/pipeline.go:120.10,121.38 1 0
github.com/luizg/jackui/internal/transcode/pipeline.go:122.14,147.46 5 0
github.com/luizg/jackui/internal/transcode/pipeline.go:148.14,150.62 2 0
github.com/luizg/jackui/internal/transcode/pipeline.go:151.10,152.47 1 0
github.com/luizg/jackui/internal/transcode/pipeline.go:156.2,157.44 2 0
github.com/luizg/jackui/internal/transcode/pipeline.go:157.44,159.3 1 0
github.com/luizg/jackui/internal/transcode/pipeline.go:160.2,160.20 1 0
github.com/luizg/jackui/internal/transcode/pipeline.go:161.10,162.38 1 0
github.com/luizg/jackui/internal/transcode/pipeline.go:163.13,164.65 1 0
github.com/luizg/jackui/internal/transcode/pipeline.go:165.10,166.42 1 0
github.com/luizg/jackui/internal/transcode/pipeline.go:170.2,170.24 1 0
github.com/luizg/jackui/internal/transcode/pipeline.go:170.24,186.3 1 0
github.com/luizg/jackui/internal/transcode/pipeline.go:186.8,188.3 1 0
github.com/luizg/jackui/internal/transcode/pipeline.go:189.2,211.34 10 0
github.com/luizg/jackui/internal/transcode/pipeline.go:211.34,215.3 3 0
github.com/luizg/jackui/internal/transcode/pipeline.go:216.2,216.12 1 0
github.com/luizg/jackui/internal/transcode/pipeline.go:221.58,224.43 1 1
github.com/luizg/jackui/internal/transcode/pipeline.go:224.43,226.3 1 1
github.com/luizg/jackui/internal/transcode/pipeline.go:227.2,227.38 1 1
github.com/luizg/jackui/internal/transcode/pipeline.go:228.36,229.14 1 1
github.com/luizg/jackui/internal/transcode/pipeline.go:231.2,231.14 1 1
github.com/luizg/jackui/internal/transcode/pipeline.go:234.49,235.9 1 1
github.com/luizg/jackui/internal/transcode/pipeline.go:236.44,237.72 1 1
github.com/luizg/jackui/internal/transcode/pipeline.go:238.44,239.116 1 1
github.com/luizg/jackui/internal/transcode/pipeline.go:240.42,241.70 1 1
github.com/luizg/jackui/internal/transcode/pipeline.go:242.51,243.46 1 1
github.com/luizg/jackui/internal/transcode/pipeline.go:245.2,245.12 1 1
github.com/luizg/jackui/internal/transcode/pipeline.go:248.49,249.9 1 1
github.com/luizg/jackui/internal/transcode/pipeline.go:250.44,251.48 1 1
github.com/luizg/jackui/internal/transcode/pipeline.go:252.44,253.58 1 0
github.com/luizg/jackui/internal/transcode/pipeline.go:254.42,255.64 1 0
github.com/luizg/jackui/internal/transcode/pipeline.go:256.52,257.55 1 1
github.com/luizg/jackui/internal/transcode/pipeline.go:259.2,259.12 1 1
github.com/luizg/jackui/internal/transcode/pipeline.go:262.37,263.11 1 1
github.com/luizg/jackui/internal/transcode/pipeline.go:264.13,265.21 1 1
github.com/luizg/jackui/internal/transcode/pipeline.go:266.18,267.28 1 1
github.com/luizg/jackui/internal/transcode/pipeline.go:268.14,269.22 1 1
github.com/luizg/jackui/internal/transcode/pipeline.go:271.2,271.35 1 1
github.com/luizg/jackui/internal/transcode/pipeline.go:274.32,276.49 2 0
github.com/luizg/jackui/internal/transcode/pipeline.go:276.49,278.3 1 0
github.com/luizg/jackui/internal/transcode/pipeline.go:279.2,279.18 1 0
github.com/luizg/jackui/internal/transcode/pipeline.go:279.18,281.3 1 0
github.com/luizg/jackui/internal/transcode/pipeline.go:282.2,282.10 1 0
github.com/luizg/jackui/internal/transcode/pipeline.go:285.40,287.20 2 0
github.com/luizg/jackui/internal/transcode/pipeline.go:287.20,289.3 1 0
github.com/luizg/jackui/internal/transcode/pipeline.go:290.2,290.34 1 0
